#
# A fatal error has been detected by the Java Runtime Environment:
#
#  EXCEPTION_ACCESS_VIOLATION (0xc0000005) at pc=0x00007fff00e5aefc, pid=1740, tid=11444
#
# JRE version: Java(TM) SE Runtime Environment (15.0.2+7) (build 15.0.2+7-27)
# Java VM: Java HotSpot(TM) 64-Bit Server VM (15.0.2+7-27, mixed mode, sharing, tiered, compressed oops, g1 gc, windows-amd64)
# Problematic frame:
# V  [jvm.dll+0x2aaefc]
#
# No core dump will be written. Minidumps are not enabled by default on client versions of Windows
#
# If you would like to submit a bug report, please visit:
#   https://bugreport.java.com/bugreport/crash.jsp
#

---------------  S U M M A R Y ------------

Command Line: --module-path=C:\Program Files\Java\javafx-sdk-16\lib --add-modules=javafx.swing,javafx.controls,javafx.graphics,javafx.fxml,javafx.media,javafx.web --add-opens=javafx.base/com.sun.javafx.runtime=ALL-UNNAMED --add-opens=javafx.controls/com.sun.javafx.scene.control.behavior=ALL-UNNAMED --add-opens=javafx.controls/com.sun.javafx.scene.control=ALL-UNNAMED --add-opens=javafx.base/com.sun.javafx.binding=ALL-UNNAMED --add-opens=javafx.base/com.sun.javafx.event=ALL-UNNAMED --add-opens=javafx.graphics/com.sun.javafx.stage=ALL-UNNAMED --add-exports=javafx.graphics/com.sun.javafx.scene=ALL-UNNAMED -Dprism.vsync=false -Xms16M -Xmx400M -Djava.library.path=D:\Backup Terbaru\Intelij\DataMigration\library\jdts\x64\SSO -javaagent:C:\Program Files\JetBrains\IntelliJ IDEA Community Edition 2021.2.1\lib\idea_rt.jar=55811:C:\Program Files\JetBrains\IntelliJ IDEA Community Edition 2021.2.1\bin -Dfile.encoding=UTF-8 Launcher

Host: Intel(R) Core(TM) i7-10700F CPU @ 2.90GHz, 16 cores, 7G,  Windows 10 , 64 bit Build 18362 (10.0.18362.329)
Time: Sat Sep 11 15:35:13 2021 SE Asia Standard Time elapsed time: 202.522752 seconds (0d 0h 3m 22s)

---------------  T H R E A D  ---------------

Current thread (0x000002c9489d30c0):  GCTaskThread "GC Thread#4" [stack: 0x000000e0b5d00000,0x000000e0b5e00000] [id=11444]

Stack: [0x000000e0b5d00000,0x000000e0b5e00000],  sp=0x000000e0b5dff190,  free space=1020k
Native frames: (J=compiled Java code, j=interpreted, Vv=VM code, C=native code)
V  [jvm.dll+0x2aaefc]
V  [jvm.dll+0x2ab41a]
V  [jvm.dll+0x2a6291]
V  [jvm.dll+0x2a6889]
V  [jvm.dll+0x2a6987]
V  [jvm.dll+0x2acaed]
V  [jvm.dll+0x7adfc0]
V  [jvm.dll+0x73d75a]
V  [jvm.dll+0x629c56]
C  [ucrtbase.dll+0x20e72]
C  [KERNEL32.DLL+0x17bd4]
C  [ntdll.dll+0x6ced1]


siginfo: EXCEPTION_ACCESS_VIOLATION (0xc0000005), data execution prevention violation at address 0x00007fff00000000


Register to memory mapping:

RIP=0x00007fff00e5aefc jvm.dll
RAX=0x000002c92bb32b00 points into unknown readable memory: 0x000002c92bb34fd0 | d0 4f b3 2b c9 02 00 00
RBX=0x000bd0c500012cb1 is an unknown value
RCX=0x000002c92bb36380 points into unknown readable memory: 0x0000000000000000 | 00 00 00 00 00 00 00 00
RDX=0x000002c92bb35570 points into unknown readable memory: 0x0000000000000000 | 00 00 00 00 00 00 00 00
RSP=0x000000e0b5dff190 points into unknown readable memory: 0x000000000000000c | 0c 00 00 00 00 00 00 00
RBP=0x0000000000000005 is an unknown value
RSI=0x000002c92bb35de0 points into unknown readable memory: 0x0000000000000000 | 00 00 00 00 00 00 00 00
RDI=0x0000000000000002 is an unknown value
R8 =0x0000000000000001 is an unknown value
R9 =0x0000000000000002 is an unknown value
R10=0x0000000000000038 is an unknown value
R11=0x0000000000000010 is an unknown value
R12=0x000000e0b5dff260 points into unknown readable memory: 0x00000000ea15006d | 6d 00 15 ea 00 00 00 00
R13=0x0 is NULL
R14=0x000002c92bb04af0 points into unknown readable memory: 0x00007fff01434178 | 78 41 43 01 ff 7f 00 00
R15=0x0000000000000003 is an unknown value


Registers:
RAX=0x000002c92bb32b00, RBX=0x000bd0c500012cb1, RCX=0x000002c92bb36380, RDX=0x000002c92bb35570
RSP=0x000000e0b5dff190, RBP=0x0000000000000005, RSI=0x000002c92bb35de0, RDI=0x0000000000000002
R8 =0x0000000000000001, R9 =0x0000000000000002, R10=0x0000000000000038, R11=0x0000000000000010
R12=0x000000e0b5dff260, R13=0x0000000000000000, R14=0x000002c92bb04af0, R15=0x0000000000000003
RIP=0x00007fff00e5aefc, EFLAGS=0x0000000000010202

Top of Stack: (sp=0x000000e0b5dff190)
0x000000e0b5dff190:   000000000000000c 000002c9516d4020
0x000000e0b5dff1a0:   000000e0b5dff320 0000000000000003
0x000000e0b5dff1b0:   0000000000000000 000bd0c500012cb1
0x000000e0b5dff1c0:   000000000000000c 000002c9516d4020
0x000000e0b5dff1d0:   000000e0b5dff320 0000000000000003
0x000000e0b5dff1e0:   0000000000000000 00000000ea166548
0x000000e0b5dff1f0:   000002c92bb04af0 00007fff00e5b41a
0x000000e0b5dff200:   000002c9516d4020 000002c9516d4020
0x000000e0b5dff210:   00000000ea166508 000bd0c500012cb2
0x000000e0b5dff220:   000002c9491e2110 000002c9516d4020
0x000000e0b5dff230:   0000000000000000 000000e0b5dff2b0
0x000000e0b5dff240:   0000000000000000 00007fff00e56291
0x000000e0b5dff250:   0000003fbfeb0001 00007fff01438800
0x000000e0b5dff260:   00000000ea15006d 00007fff00e769f7
0x000000e0b5dff270:   000000e0b40ff0b0 00007fff011d4c7f
0x000000e0b5dff280:   0000000000000000 0000000000000000 

Instructions: (pc=0x00007fff00e5aefc)
0x00007fff00e5adfc:   fa eb b1 41 8b c1 4c 8d 1c c5 00 00 00 00 49 8b
0x00007fff00e5ae0c:   46 10 49 8b 0c 03 8b 81 00 01 00 00 44 8b 81 80
0x00007fff00e5ae1c:   00 00 00 44 2b c0 8b c7 41 81 e0 ff ff 01 00 41
0x00007fff00e5ae2c:   81 f8 ff ff 01 00 45 0f 44 c5 4c 8d 14 c5 00 00
0x00007fff00e5ae3c:   00 00 49 8b 46 10 49 8b 0c 02 8b 81 00 01 00 00
0x00007fff00e5ae4c:   8b 91 80 00 00 00 2b d0 32 c0 81 e2 ff ff 01 00
0x00007fff00e5ae5c:   81 fa ff ff 01 00 41 0f 44 d5 41 3b d0 76 7d 49
0x00007fff00e5ae6c:   8b 46 10 49 8b 14 02 48 8b 82 00 01 00 00 48 89
0x00007fff00e5ae7c:   44 24 28 8b 82 80 00 00 00 48 8b 5c 24 28 2b c3
0x00007fff00e5ae8c:   25 ff ff 01 00 3d ff ff 01 00 41 0f 44 c5 85 c0
0x00007fff00e5ae9c:   75 10 bf ff ff ff ff 89 be 00 02 00 00 e9 81 01
0x00007fff00e5aeac:   00 00 48 8b 82 80 01 00 00 8b cb 48 8b 0c c8 8d
0x00007fff00e5aebc:   43 01 25 ff ff 01 00 49 89 0c 24 89 44 24 70 41
0x00007fff00e5aecc:   8b cd 0f 94 c1 48 8b c3 48 c1 e8 20 03 c8 89 4c
0x00007fff00e5aedc:   24 74 48 8b 4c 24 70 e9 8d 00 00 00 45 85 c0 0f
0x00007fff00e5aeec:   84 a1 00 00 00 49 8b 46 10 41 8b f9 49 8b 14 03
0x00007fff00e5aefc:   48 8b 82 00 01 00 00 48 89 44 24 28 8b 82 80 00
0x00007fff00e5af0c:   00 00 48 8b 5c 24 28 2b c3 25 ff ff 01 00 3d ff
0x00007fff00e5af1c:   ff 01 00 41 0f 44 c5 85 c0 75 10 bf ff ff ff ff
0x00007fff00e5af2c:   89 be 00 02 00 00 e9 f8 00 00 00 48 8b 82 80 01
0x00007fff00e5af3c:   00 00 8b cb 48 8b 0c c8 8d 43 01 25 ff ff 01 00
0x00007fff00e5af4c:   49 89 0c 24 89 84 24 88 00 00 00 41 8b cd 0f 94
0x00007fff00e5af5c:   c1 48 8b c3 48 c1 e8 20 03 c8 89 8c 24 8c 00 00
0x00007fff00e5af6c:   00 48 8b 8c 24 88 00 00 00 48 8b 05 1c a4 76 00
0x00007fff00e5af7c:   4c 8b c3 48 81 c2 00 01 00 00 ff d0 48 3b c3 0f
0x00007fff00e5af8c:   94 c0 84 c0 75 05 bf ff ff ff ff 89 be 00 02 00
0x00007fff00e5af9c:   00 e9 8d 00 00 00 0f 85 8b 00 00 00 49 8b 46 10
0x00007fff00e5afac:   8d 4d ff 83 e1 01 48 8b 14 c8 48 8b 82 00 01 00
0x00007fff00e5afbc:   00 48 89 44 24 28 8b 82 80 00 00 00 48 8b 5c 24
0x00007fff00e5afcc:   28 2b c3 25 ff ff 01 00 3d ff ff 01 00 41 0f 44
0x00007fff00e5afdc:   c5 85 c0 74 4e 48 8b 82 80 01 00 00 4c 8b c3 8b
0x00007fff00e5afec:   cb 48 8b 0c c8 8d 43 01 25 ff ff 01 00 49 89 0c 


Stack slot to memory mapping:
stack at sp + 0 slots: 0x000000000000000c is an unknown value
stack at sp + 1 slots: 0x000002c9516d4020 points into unknown readable memory: 0x00007fff0143a6f8 | f8 a6 43 01 ff 7f 00 00
stack at sp + 2 slots: 0x000000e0b5dff320 points into unknown readable memory: 0x00007fff01434140 | 40 41 43 01 ff 7f 00 00
stack at sp + 3 slots: 0x0000000000000003 is an unknown value
stack at sp + 4 slots: 0x0 is NULL
stack at sp + 5 slots: 0x000bd0c500012cb1 is an unknown value
stack at sp + 6 slots: 0x000000000000000c is an unknown value
stack at sp + 7 slots: 0x000002c9516d4020 points into unknown readable memory: 0x00007fff0143a6f8 | f8 a6 43 01 ff 7f 00 00


---------------  P R O C E S S  ---------------

Threads class SMR info:
_java_thread_list=0x000002c949335770, length=21, elements={
0x000002c92bb1bd90, 0x000002c9474183a0, 0x000002c947418e80, 0x000002c947431e90,
0x000002c947434760, 0x000002c947435020, 0x000002c947437d20, 0x000002c947441520,
0x000002c947455a50, 0x000002c947e58b50, 0x000002c9488dfb80, 0x000002c9488238f0,
0x000002c948a9b770, 0x000002c948f6db00, 0x000002c948f8f7b0, 0x000002c948f99c30,
0x000002c9487ca1f0, 0x000002c949335fd0, 0x000002c94930b3a0, 0x000002c955f76630,
0x000002c955f76160
}

Java Threads: ( => current thread )
  0x000002c92bb1bd90 JavaThread "main" [_thread_blocked, id=14136, stack(0x000000e0b3a00000,0x000000e0b3b00000)]
  0x000002c9474183a0 JavaThread "Reference Handler" daemon [_thread_blocked, id=14200, stack(0x000000e0b4100000,0x000000e0b4200000)]
  0x000002c947418e80 JavaThread "Finalizer" daemon [_thread_blocked, id=9336, stack(0x000000e0b4200000,0x000000e0b4300000)]
  0x000002c947431e90 JavaThread "Signal Dispatcher" daemon [_thread_blocked, id=9544, stack(0x000000e0b4300000,0x000000e0b4400000)]
  0x000002c947434760 JavaThread "Attach Listener" daemon [_thread_blocked, id=7780, stack(0x000000e0b4400000,0x000000e0b4500000)]
  0x000002c947435020 JavaThread "Service Thread" daemon [_thread_blocked, id=2056, stack(0x000000e0b4500000,0x000000e0b4600000)]
  0x000002c947437d20 JavaThread "C2 CompilerThread0" daemon [_thread_blocked, id=12976, stack(0x000000e0b4600000,0x000000e0b4700000)]
  0x000002c947441520 JavaThread "C1 CompilerThread0" daemon [_thread_blocked, id=14080, stack(0x000000e0b4700000,0x000000e0b4800000)]
  0x000002c947455a50 JavaThread "Sweeper thread" daemon [_thread_blocked, id=176, stack(0x000000e0b4800000,0x000000e0b4900000)]
  0x000002c947e58b50 JavaThread "Common-Cleaner" daemon [_thread_blocked, id=13520, stack(0x000000e0b4900000,0x000000e0b4a00000)]
  0x000002c9488dfb80 JavaThread "Monitor Ctrl-Break" daemon [_thread_in_native, id=10724, stack(0x000000e0b5300000,0x000000e0b5400000)]
  0x000002c9488238f0 JavaThread "Notification Thread" daemon [_thread_blocked, id=8852, stack(0x000000e0b5400000,0x000000e0b5500000)]
  0x000002c948a9b770 JavaThread "JavaFX-Launcher" [_thread_blocked, id=13696, stack(0x000000e0b5600000,0x000000e0b5700000)]
  0x000002c948f6db00 JavaThread "QuantumRenderer-0" daemon [_thread_blocked, id=11692, stack(0x000000e0b5900000,0x000000e0b5a00000)]
  0x000002c948f8f7b0 JavaThread "InvokeLaterDispatcher" daemon [_thread_blocked, id=13584, stack(0x000000e0b5a00000,0x000000e0b5b00000)]
  0x000002c948f99c30 JavaThread "JavaFX Application Thread" [_thread_in_native, id=4480, stack(0x000000e0b5b00000,0x000000e0b5c00000)]
  0x000002c9487ca1f0 JavaThread "Thread-2" daemon [_thread_blocked, id=996, stack(0x000000e0b5c00000,0x000000e0b5d00000)]
  0x000002c949335fd0 JavaThread "Prism Font Disposer" daemon [_thread_blocked, id=8788, stack(0x000000e0b5f00000,0x000000e0b6000000)]
  0x000002c94930b3a0 JavaThread "Cleaner-0" daemon [_thread_blocked, id=10360, stack(0x000000e0b6600000,0x000000e0b6700000)]
  0x000002c955f76630 JavaThread "Thread-6" daemon [_thread_blocked, id=13216, stack(0x000000e0b3700000,0x000000e0b3800000)]
  0x000002c955f76160 JavaThread "pool-4-thread-1" [_thread_blocked, id=4984, stack(0x000000e0b3800000,0x000000e0b3900000)]

Other Threads:
  0x000002c947416c10 VMThread "VM Thread" [stack: 0x000000e0b4000000,0x000000e0b4100000] [id=9288]
  0x000002c9485c1840 WatcherThread [stack: 0x000000e0b5500000,0x000000e0b5600000] [id=8360]
  0x000002c92bb41990 GCTaskThread "GC Thread#0" [stack: 0x000000e0b3b00000,0x000000e0b3c00000] [id=13408]
  0x000002c948069480 GCTaskThread "GC Thread#1" [stack: 0x000000e0b5200000,0x000000e0b5300000] [id=13036]
  0x000002c9489d2400 GCTaskThread "GC Thread#2" [stack: 0x000000e0b5700000,0x000000e0b5800000] [id=6444]
  0x000002c9489d0db0 GCTaskThread "GC Thread#3" [stack: 0x000000e0b5800000,0x000000e0b5900000] [id=1748]
=>0x000002c9489d30c0 GCTaskThread "GC Thread#4" [stack: 0x000000e0b5d00000,0x000000e0b5e00000] [id=11444]
  0x000002c9489d2730 GCTaskThread "GC Thread#5" [stack: 0x000000e0b5e00000,0x000000e0b5f00000] [id=9344]
  0x000002c9497bed60 GCTaskThread "GC Thread#6" [stack: 0x000000e0b6c70000,0x000000e0b6d70000] [id=11020]
  0x000002c9497bda40 GCTaskThread "GC Thread#7" [stack: 0x000000e0b6d70000,0x000000e0b6e70000] [id=14180]
  0x000002c92bb45bf0 ConcurrentGCThread "G1 Main Marker" [stack: 0x000000e0b3c00000,0x000000e0b3d00000] [id=13540]
  0x000002c92bb46e90 ConcurrentGCThread "G1 Conc#0" [stack: 0x000000e0b3d00000,0x000000e0b3e00000] [id=8216]
  0x000002c9489d0750 ConcurrentGCThread "G1 Conc#1" [stack: 0x000000e0b6300000,0x000000e0b6400000] [id=2696]
  0x000002c9497be700 ConcurrentGCThread "G1 Conc#2" [stack: 0x000000e0b6400000,0x000000e0b6500000] [id=11160]
  0x000002c92bba7350 ConcurrentGCThread "G1 Refine#0" [stack: 0x000000e0b3e00000,0x000000e0b3f00000] [id=1576]
  0x000002c92bba7e60 ConcurrentGCThread "G1 Young RemSet Sampling" [stack: 0x000000e0b3f00000,0x000000e0b4000000] [id=3684]

Threads with active compile tasks:

VM state: at safepoint (normal execution)

VM Mutex/Monitor currently owned by a thread:  ([mutex/lock_event])
[0x000002c92bb175a0] Threads_lock - owner thread: 0x000002c947416c10
[0x000002c92bb157d0] Heap_lock - owner thread: 0x000002c955f76160

Heap address: 0x00000000e7000000, size: 400 MB, Compressed Oops mode: 32-bit
CDS archive(s) mapped at: [0x0000000800000000-0x0000000800b50000-0x0000000800b50000), size 11862016, SharedBaseAddress: 0x0000000800000000, ArchiveRelocationMode: 0.
Compressed class space mapped at: 0x0000000800b50000-0x0000000840b50000, size: 1073741824
Narrow klass base: 0x0000000800000000, Narrow klass shift: 3, Narrow klass range: 0x100000000

GC Precious Log:
 CPUs: 16 total, 16 available
 Memory: 8127M
 Large Page Support: Disabled
 NUMA Support: Disabled
 Compressed Oops: Enabled (32-bit)
 Heap Region Size: 1M
 Heap Min Capacity: 16M
 Heap Initial Capacity: 16M
 Heap Max Capacity: 400M
 Pre-touch: Disabled
 Parallel Workers: 13
 Concurrent Workers: 3
 Concurrent Refinement Workers: 13
 Periodic GC: Disabled

Heap:
 garbage-first heap   total 104448K, used 90717K [0x00000000e7000000, 0x0000000100000000)
  region size 1024K, 53 young (54272K), 1 survivors (1024K)
 Metaspace       used 29951K, capacity 30364K, committed 30464K, reserved 1075200K
  class space    used 3928K, capacity 4066K, committed 4096K, reserved 1048576K

Heap Regions: E=young(eden), S=young(survivor), O=old, HS=humongous(starts), HC=humongous(continues), CS=collection set, F=free, OA=open archive, CA=closed archive, TAMS=top-at-mark-start (previous, next)
|   0|0x00000000e7000000, 0x00000000e7100000, 0x00000000e7100000|100%| O|  |TAMS 0x00000000e7100000, 0x00000000e7000000| Untracked 
|   1|0x00000000e7100000, 0x00000000e7200000, 0x00000000e7200000|100%| O|  |TAMS 0x00000000e7200000, 0x00000000e7100000| Untracked 
|   2|0x00000000e7200000, 0x00000000e7300000, 0x00000000e7300000|100%| O|  |TAMS 0x00000000e7300000, 0x00000000e7200000| Untracked 
|   3|0x00000000e7300000, 0x00000000e7400000, 0x00000000e7400000|100%| O|  |TAMS 0x00000000e7400000, 0x00000000e7300000| Untracked 
|   4|0x00000000e7400000, 0x00000000e7500000, 0x00000000e7500000|100%| O|  |TAMS 0x00000000e7500000, 0x00000000e7400000| Untracked 
|   5|0x00000000e7500000, 0x00000000e7600000, 0x00000000e7600000|100%| O|  |TAMS 0x00000000e7500000, 0x00000000e7500000| Untracked 
|   6|0x00000000e7600000, 0x00000000e7700000, 0x00000000e7700000|100%| O|  |TAMS 0x00000000e7600000, 0x00000000e7600000| Untracked 
|   7|0x00000000e7700000, 0x00000000e7800000, 0x00000000e7800000|100%| O|  |TAMS 0x00000000e7800000, 0x00000000e7700000| Untracked 
|   8|0x00000000e7800000, 0x00000000e7900000, 0x00000000e7900000|100%| O|  |TAMS 0x00000000e7900000, 0x00000000e7800000| Untracked 
|   9|0x00000000e7900000, 0x00000000e7a00000, 0x00000000e7a00000|100%| O|  |TAMS 0x00000000e7a00000, 0x00000000e7900000| Untracked 
|  10|0x00000000e7a00000, 0x00000000e7b00000, 0x00000000e7b00000|100%| O|  |TAMS 0x00000000e7b00000, 0x00000000e7a00000| Untracked 
|  11|0x00000000e7b00000, 0x00000000e7c00000, 0x00000000e7c00000|100%|HS|  |TAMS 0x00000000e7c00000, 0x00000000e7b00000| Complete 
|  12|0x00000000e7c00000, 0x00000000e7d00000, 0x00000000e7d00000|100%|HC|  |TAMS 0x00000000e7d00000, 0x00000000e7c00000| Complete 
|  13|0x00000000e7d00000, 0x00000000e7e00000, 0x00000000e7e00000|100%| O|  |TAMS 0x00000000e7e00000, 0x00000000e7d00000| Untracked 
|  14|0x00000000e7e00000, 0x00000000e7f00000, 0x00000000e7f00000|100%| O|  |TAMS 0x00000000e7f00000, 0x00000000e7e00000| Untracked 
|  15|0x00000000e7f00000, 0x00000000e8000000, 0x00000000e8000000|100%| O|  |TAMS 0x00000000e8000000, 0x00000000e7f00000| Untracked 
|  16|0x00000000e8000000, 0x00000000e8100000, 0x00000000e8100000|100%| O|  |TAMS 0x00000000e8100000, 0x00000000e8000000| Untracked 
|  17|0x00000000e8100000, 0x00000000e8200000, 0x00000000e8200000|100%| O|  |TAMS 0x00000000e8200000, 0x00000000e8100000| Untracked 
|  18|0x00000000e8200000, 0x00000000e8300000, 0x00000000e8300000|100%| O|  |TAMS 0x00000000e8300000, 0x00000000e8200000| Untracked 
|  19|0x00000000e8300000, 0x00000000e8400000, 0x00000000e8400000|100%|HS|  |TAMS 0x00000000e8400000, 0x00000000e8300000| Complete 
|  20|0x00000000e8400000, 0x00000000e8500000, 0x00000000e8500000|100%|HC|  |TAMS 0x00000000e8500000, 0x00000000e8400000| Complete 
|  21|0x00000000e8500000, 0x00000000e8600000, 0x00000000e8600000|100%| O|  |TAMS 0x00000000e8600000, 0x00000000e8500000| Untracked 
|  22|0x00000000e8600000, 0x00000000e8700000, 0x00000000e8700000|100%| O|  |TAMS 0x00000000e8700000, 0x00000000e8600000| Untracked 
|  23|0x00000000e8700000, 0x00000000e8800000, 0x00000000e8800000|100%| O|  |TAMS 0x00000000e8800000, 0x00000000e8700000| Untracked 
|  24|0x00000000e8800000, 0x00000000e8900000, 0x00000000e8900000|100%| O|  |TAMS 0x00000000e8900000, 0x00000000e8800000| Untracked 
|  25|0x00000000e8900000, 0x00000000e8a00000, 0x00000000e8a00000|100%| O|  |TAMS 0x00000000e8a00000, 0x00000000e8900000| Untracked 
|  26|0x00000000e8a00000, 0x00000000e8b00000, 0x00000000e8b00000|100%| O|  |TAMS 0x00000000e8a00000, 0x00000000e8a00000| Untracked 
|  27|0x00000000e8b00000, 0x00000000e8c00000, 0x00000000e8c00000|100%| O|  |TAMS 0x00000000e8b00000, 0x00000000e8b00000| Untracked 
|  28|0x00000000e8c00000, 0x00000000e8d00000, 0x00000000e8d00000|100%| O|  |TAMS 0x00000000e8d00000, 0x00000000e8c00000| Untracked 
|  29|0x00000000e8d00000, 0x00000000e8e00000, 0x00000000e8e00000|100%| O|  |TAMS 0x00000000e8d00000, 0x00000000e8d00000| Untracked 
|  30|0x00000000e8e00000, 0x00000000e8f00000, 0x00000000e8f00000|100%| O|  |TAMS 0x00000000e8e00000, 0x00000000e8e00000| Untracked 
|  31|0x00000000e8f00000, 0x00000000e9000000, 0x00000000e9000000|100%|HS|  |TAMS 0x00000000e8f00000, 0x00000000e8f00000| Complete 
|  32|0x00000000e9000000, 0x00000000e9100000, 0x00000000e9100000|100%|HC|  |TAMS 0x00000000e9000000, 0x00000000e9000000| Complete 
|  33|0x00000000e9100000, 0x00000000e91d9800, 0x00000000e9200000| 84%| O|  |TAMS 0x00000000e9100000, 0x00000000e9100000| Untracked 
|  34|0x00000000e9200000, 0x00000000e9200000, 0x00000000e9300000|  0%| F|  |TAMS 0x00000000e9200000, 0x00000000e9200000| Untracked 
|  35|0x00000000e9300000, 0x00000000e9400000, 0x00000000e9400000|100%|HS|  |TAMS 0x00000000e9300000, 0x00000000e9300000| Complete 
|  36|0x00000000e9400000, 0x00000000e9500000, 0x00000000e9500000|100%|HC|  |TAMS 0x00000000e9400000, 0x00000000e9400000| Complete 
|  37|0x00000000e9500000, 0x00000000e9500000, 0x00000000e9600000|  0%| F|  |TAMS 0x00000000e9500000, 0x00000000e9500000| Untracked 
|  38|0x00000000e9600000, 0x00000000e9600000, 0x00000000e9700000|  0%| F|  |TAMS 0x00000000e9600000, 0x00000000e9600000| Untracked 
|  39|0x00000000e9700000, 0x00000000e9700000, 0x00000000e9800000|  0%| F|  |TAMS 0x00000000e9700000, 0x00000000e9700000| Untracked 
|  40|0x00000000e9800000, 0x00000000e9800000, 0x00000000e9900000|  0%| F|  |TAMS 0x00000000e9800000, 0x00000000e9800000| Untracked 
|  41|0x00000000e9900000, 0x00000000e9900000, 0x00000000e9a00000|  0%| F|  |TAMS 0x00000000e9900000, 0x00000000e9900000| Untracked 
|  42|0x00000000e9a00000, 0x00000000e9a00000, 0x00000000e9b00000|  0%| F|  |TAMS 0x00000000e9a00000, 0x00000000e9a00000| Untracked 
|  43|0x00000000e9b00000, 0x00000000e9b00000, 0x00000000e9c00000|  0%| F|  |TAMS 0x00000000e9b00000, 0x00000000e9b00000| Untracked 
|  44|0x00000000e9c00000, 0x00000000e9c00000, 0x00000000e9d00000|  0%| F|  |TAMS 0x00000000e9c00000, 0x00000000e9c00000| Untracked 
|  45|0x00000000e9d00000, 0x00000000e9d00000, 0x00000000e9e00000|  0%| F|  |TAMS 0x00000000e9d00000, 0x00000000e9d00000| Untracked 
|  46|0x00000000e9e00000, 0x00000000e9e00000, 0x00000000e9f00000|  0%| F|  |TAMS 0x00000000e9e00000, 0x00000000e9e00000| Untracked 
|  47|0x00000000e9f00000, 0x00000000e9f00000, 0x00000000ea000000|  0%| F|  |TAMS 0x00000000e9f00000, 0x00000000e9f00000| Untracked 
|  48|0x00000000ea000000, 0x00000000ea0bdd80, 0x00000000ea100000| 74%| E|CS|TAMS 0x00000000ea000000, 0x00000000ea000000| Complete 
|  49|0x00000000ea100000, 0x00000000ea1b5528, 0x00000000ea200000| 70%| S|  |TAMS 0x00000000ea100000, 0x00000000ea100000| Complete 
|  50|0x00000000ea200000, 0x00000000ea300000, 0x00000000ea300000|100%| E|CS|TAMS 0x00000000ea200000, 0x00000000ea200000| Complete 
|  51|0x00000000ea300000, 0x00000000ea400000, 0x00000000ea400000|100%| E|CS|TAMS 0x00000000ea300000, 0x00000000ea300000| Complete 
|  52|0x00000000ea400000, 0x00000000ea500000, 0x00000000ea500000|100%| E|CS|TAMS 0x00000000ea400000, 0x00000000ea400000| Complete 
|  53|0x00000000ea500000, 0x00000000ea600000, 0x00000000ea600000|100%| E|CS|TAMS 0x00000000ea500000, 0x00000000ea500000| Complete 
|  54|0x00000000ea600000, 0x00000000ea700000, 0x00000000ea700000|100%| E|CS|TAMS 0x00000000ea600000, 0x00000000ea600000| Complete 
|  55|0x00000000ea700000, 0x00000000ea800000, 0x00000000ea800000|100%| E|CS|TAMS 0x00000000ea700000, 0x00000000ea700000| Complete 
|  56|0x00000000ea800000, 0x00000000ea900000, 0x00000000ea900000|100%| E|CS|TAMS 0x00000000ea800000, 0x00000000ea800000| Complete 
|  57|0x00000000ea900000, 0x00000000eaa00000, 0x00000000eaa00000|100%| E|CS|TAMS 0x00000000ea900000, 0x00000000ea900000| Complete 
|  58|0x00000000eaa00000, 0x00000000eab00000, 0x00000000eab00000|100%| E|CS|TAMS 0x00000000eaa00000, 0x00000000eaa00000| Complete 
|  59|0x00000000eab00000, 0x00000000eac00000, 0x00000000eac00000|100%| E|CS|TAMS 0x00000000eab00000, 0x00000000eab00000| Complete 
|  60|0x00000000eac00000, 0x00000000ead00000, 0x00000000ead00000|100%| E|CS|TAMS 0x00000000eac00000, 0x00000000eac00000| Complete 
|  61|0x00000000ead00000, 0x00000000eae00000, 0x00000000eae00000|100%| E|CS|TAMS 0x00000000ead00000, 0x00000000ead00000| Complete 
|  62|0x00000000eae00000, 0x00000000eaf00000, 0x00000000eaf00000|100%| E|CS|TAMS 0x00000000eae00000, 0x00000000eae00000| Complete 
|  63|0x00000000eaf00000, 0x00000000eb000000, 0x00000000eb000000|100%| E|CS|TAMS 0x00000000eaf00000, 0x00000000eaf00000| Complete 
|  64|0x00000000eb000000, 0x00000000eb100000, 0x00000000eb100000|100%| E|CS|TAMS 0x00000000eb000000, 0x00000000eb000000| Complete 
|  65|0x00000000eb100000, 0x00000000eb200000, 0x00000000eb200000|100%| E|CS|TAMS 0x00000000eb100000, 0x00000000eb100000| Complete 
|  66|0x00000000eb200000, 0x00000000eb300000, 0x00000000eb300000|100%| E|CS|TAMS 0x00000000eb200000, 0x00000000eb200000| Complete 
|  67|0x00000000eb300000, 0x00000000eb400000, 0x00000000eb400000|100%| E|CS|TAMS 0x00000000eb300000, 0x00000000eb300000| Complete 
|  68|0x00000000eb400000, 0x00000000eb500000, 0x00000000eb500000|100%| E|CS|TAMS 0x00000000eb400000, 0x00000000eb400000| Complete 
|  69|0x00000000eb500000, 0x00000000eb600000, 0x00000000eb600000|100%| E|CS|TAMS 0x00000000eb500000, 0x00000000eb500000| Complete 
|  70|0x00000000eb600000, 0x00000000eb700000, 0x00000000eb700000|100%| E|CS|TAMS 0x00000000eb600000, 0x00000000eb600000| Complete 
|  71|0x00000000eb700000, 0x00000000eb800000, 0x00000000eb800000|100%| E|CS|TAMS 0x00000000eb700000, 0x00000000eb700000| Complete 
|  72|0x00000000eb800000, 0x00000000eb900000, 0x00000000eb900000|100%| E|CS|TAMS 0x00000000eb800000, 0x00000000eb800000| Complete 
|  73|0x00000000eb900000, 0x00000000eba00000, 0x00000000eba00000|100%| E|CS|TAMS 0x00000000eb900000, 0x00000000eb900000| Complete 
|  74|0x00000000eba00000, 0x00000000ebb00000, 0x00000000ebb00000|100%| E|CS|TAMS 0x00000000eba00000, 0x00000000eba00000| Complete 
|  75|0x00000000ebb00000, 0x00000000ebc00000, 0x00000000ebc00000|100%| E|CS|TAMS 0x00000000ebb00000, 0x00000000ebb00000| Complete 
|  76|0x00000000ebc00000, 0x00000000ebd00000, 0x00000000ebd00000|100%| E|CS|TAMS 0x00000000ebc00000, 0x00000000ebc00000| Complete 
|  77|0x00000000ebd00000, 0x00000000ebe00000, 0x00000000ebe00000|100%| E|CS|TAMS 0x00000000ebd00000, 0x00000000ebd00000| Complete 
|  78|0x00000000ebe00000, 0x00000000ebf00000, 0x00000000ebf00000|100%| E|CS|TAMS 0x00000000ebe00000, 0x00000000ebe00000| Complete 
|  79|0x00000000ebf00000, 0x00000000ec000000, 0x00000000ec000000|100%| E|CS|TAMS 0x00000000ebf00000, 0x00000000ebf00000| Complete 
|  80|0x00000000ec000000, 0x00000000ec100000, 0x00000000ec100000|100%| E|CS|TAMS 0x00000000ec000000, 0x00000000ec000000| Complete 
|  81|0x00000000ec100000, 0x00000000ec200000, 0x00000000ec200000|100%| E|CS|TAMS 0x00000000ec100000, 0x00000000ec100000| Complete 
|  82|0x00000000ec200000, 0x00000000ec300000, 0x00000000ec300000|100%| E|CS|TAMS 0x00000000ec200000, 0x00000000ec200000| Complete 
|  83|0x00000000ec300000, 0x00000000ec400000, 0x00000000ec400000|100%| E|CS|TAMS 0x00000000ec300000, 0x00000000ec300000| Complete 
|  84|0x00000000ec400000, 0x00000000ec500000, 0x00000000ec500000|100%| E|CS|TAMS 0x00000000ec400000, 0x00000000ec400000| Complete 
|  85|0x00000000ec500000, 0x00000000ec600000, 0x00000000ec600000|100%| E|CS|TAMS 0x00000000ec500000, 0x00000000ec500000| Complete 
|  86|0x00000000ec600000, 0x00000000ec700000, 0x00000000ec700000|100%| E|CS|TAMS 0x00000000ec600000, 0x00000000ec600000| Complete 
|  87|0x00000000ec700000, 0x00000000ec800000, 0x00000000ec800000|100%| E|CS|TAMS 0x00000000ec700000, 0x00000000ec700000| Complete 
|  88|0x00000000ec800000, 0x00000000ec900000, 0x00000000ec900000|100%| E|CS|TAMS 0x00000000ec800000, 0x00000000ec800000| Complete 
|  89|0x00000000ec900000, 0x00000000eca00000, 0x00000000eca00000|100%| E|CS|TAMS 0x00000000ec900000, 0x00000000ec900000| Complete 
|  90|0x00000000eca00000, 0x00000000ecb00000, 0x00000000ecb00000|100%| E|CS|TAMS 0x00000000eca00000, 0x00000000eca00000| Complete 
|  91|0x00000000ecb00000, 0x00000000ecc00000, 0x00000000ecc00000|100%| E|CS|TAMS 0x00000000ecb00000, 0x00000000ecb00000| Complete 
|  92|0x00000000ecc00000, 0x00000000ecd00000, 0x00000000ecd00000|100%| E|CS|TAMS 0x00000000ecc00000, 0x00000000ecc00000| Complete 
|  93|0x00000000ecd00000, 0x00000000ece00000, 0x00000000ece00000|100%| E|CS|TAMS 0x00000000ecd00000, 0x00000000ecd00000| Complete 
|  94|0x00000000ece00000, 0x00000000ecf00000, 0x00000000ecf00000|100%| E|CS|TAMS 0x00000000ece00000, 0x00000000ece00000| Complete 
|  95|0x00000000ecf00000, 0x00000000ed000000, 0x00000000ed000000|100%| E|CS|TAMS 0x00000000ecf00000, 0x00000000ecf00000| Complete 
|  96|0x00000000ed000000, 0x00000000ed100000, 0x00000000ed100000|100%| E|CS|TAMS 0x00000000ed000000, 0x00000000ed000000| Complete 
|  97|0x00000000ed100000, 0x00000000ed200000, 0x00000000ed200000|100%| E|CS|TAMS 0x00000000ed100000, 0x00000000ed100000| Complete 
|  98|0x00000000ed200000, 0x00000000ed300000, 0x00000000ed300000|100%| E|CS|TAMS 0x00000000ed200000, 0x00000000ed200000| Complete 
|  99|0x00000000ed300000, 0x00000000ed400000, 0x00000000ed400000|100%| E|CS|TAMS 0x00000000ed300000, 0x00000000ed300000| Complete 
| 100|0x00000000ed400000, 0x00000000ed500000, 0x00000000ed500000|100%| E|CS|TAMS 0x00000000ed400000, 0x00000000ed400000| Complete 
| 101|0x00000000ed500000, 0x00000000ed600000, 0x00000000ed600000|100%| E|CS|TAMS 0x00000000ed500000, 0x00000000ed500000| Complete 

Card table byte_map: [0x000002c9436a0000,0x000002c943770000] _byte_map_base: 0x000002c942f68000

Marking Bits (Prev, Next): (CMBitMap*) 0x000002c92bb420d0, (CMBitMap*) 0x000002c92bb42090
 Prev Bits: [0x000002c943e80000, 0x000002c9444c0000)
 Next Bits: [0x000002c943840000, 0x000002c943e80000)

Polling page: 0x000002c929980000

Metaspace:

Usage:
  Non-class:     25.68 MB capacity,    25.41 MB ( 99%) used,   229.52 KB ( <1%) free+waste,    45.56 KB ( <1%) overhead. 
      Class:      3.97 MB capacity,     3.84 MB ( 97%) used,   119.34 KB (  3%) free+waste,    18.19 KB ( <1%) overhead. 
       Both:     29.65 MB capacity,    29.25 MB ( 99%) used,   348.87 KB (  1%) free+waste,    63.75 KB ( <1%) overhead. 

Virtual space:
  Non-class space:       26.00 MB reserved,      25.75 MB (>99%) committed 
      Class space:        1.00 GB reserved,       4.00 MB ( <1%) committed 
             Both:        1.03 GB reserved,      29.75 MB (  3%) committed 

Chunk freelists:
   Non-Class:  6.00 KB
       Class:  30.00 KB
        Both:  36.00 KB

MaxMetaspaceSize: 17179869184.00 GB
CompressedClassSpaceSize: 1.00 GB

CodeHeap 'non-profiled nmethods': size=119168Kb used=6041Kb max_used=6041Kb free=113127Kb
 bounds [0x000002c93b8e0000, 0x000002c93bed0000, 0x000002c942d40000]
CodeHeap 'profiled nmethods': size=119104Kb used=15349Kb max_used=16350Kb free=103754Kb
 bounds [0x000002c934490000, 0x000002c935490000, 0x000002c93b8e0000]
CodeHeap 'non-nmethods': size=7488Kb used=1510Kb max_used=3251Kb free=5977Kb
 bounds [0x000002c933d40000, 0x000002c934090000, 0x000002c934490000]
 total_blobs=8468 nmethods=7609 adapters=771
 compilation: enabled
              stopped_count=0, restarted_count=0
 full_count=0

Compilation events (20 events):
Event: 196.545 Thread 0x000002c947441520 9040       3       com.sun.javafx.geom.RectBounds::disjoint (74 bytes)
Event: 196.545 Thread 0x000002c947441520 nmethod 9040 0x000002c934fec010 code [0x000002c934fec1e0, 0x000002c934fec838]
Event: 196.714 Thread 0x000002c947437d20 9041       4       sun.nio.fs.WindowsPath::getFileSystem (5 bytes)
Event: 196.714 Thread 0x000002c947437d20 nmethod 9041 0x000002c93bec5110 code [0x000002c93bec5280, 0x000002c93bec52f8]
Event: 197.054 Thread 0x000002c947441520 9042       3       javafx.scene.layout.AnchorPane::computeMinHeight (7 bytes)
Event: 197.055 Thread 0x000002c947437d20 9043   !   4       jdk.internal.icu.text.BidiBase::getMemory (92 bytes)
Event: 197.055 Thread 0x000002c947441520 nmethod 9042 0x000002c935001390 code [0x000002c935001540, 0x000002c935001668]
Event: 197.056 Thread 0x000002c947437d20 nmethod 9043 0x000002c93bec5410 code [0x000002c93bec55a0, 0x000002c93bec57f8]
Event: 198.016 Thread 0x000002c947441520 9044       3       com.sun.javafx.sg.prism.GrowableDataBuffer::reset (51 bytes)
Event: 198.017 Thread 0x000002c947441520 nmethod 9044 0x000002c935000b90 code [0x000002c935000d60, 0x000002c9350011e8]
Event: 198.383 Thread 0x000002c947437d20 9045       4       com.sun.marlin.DStroker::computeOffset (60 bytes)
Event: 198.383 Thread 0x000002c947437d20 nmethod 9045 0x000002c93bec5990 code [0x000002c93bec5b40, 0x000002c93bec5c58]
Event: 198.606 Thread 0x000002c947437d20 9046       4       javafx.scene.layout.Region::computeYOffset (64 bytes)
Event: 198.606 Thread 0x000002c947437d20 nmethod 9046 0x000002c93bec5d90 code [0x000002c93bec5f40, 0x000002c93bec5ff8]
Event: 198.832 Thread 0x000002c947437d20 9047       4       com.sun.marlin.DHelpers::within (28 bytes)
Event: 198.833 Thread 0x000002c947437d20 nmethod 9047 0x000002c93bec6110 code [0x000002c93bec62a0, 0x000002c93bec6318]
Event: 201.839 Thread 0x000002c947441520 9049       3       eu.hansolo.medusa.Gauge::getRange (23 bytes)
Event: 201.840 Thread 0x000002c947441520 nmethod 9049 0x000002c935226010 code [0x000002c9352261c0, 0x000002c935226548]
Event: 201.840 Thread 0x000002c947441520 9048       3       eu.hansolo.medusa.skins.ModernSkin::rotateNeedle (239 bytes)
Event: 201.841 Thread 0x000002c947441520 nmethod 9048 0x000002c934ca3f10 code [0x000002c934ca4420, 0x000002c934ca6ff8]

GC Heap History (20 events):
Event: 201.490 GC heap after
{Heap after GC invocations=954 (full 0):
 garbage-first heap   total 104448K, used 37450K [0x00000000e7000000, 0x0000000100000000)
  region size 1024K, 1 young (1024K), 1 survivors (1024K)
 Metaspace       used 29948K, capacity 30364K, committed 30464K, reserved 1075200K
  class space    used 3928K, capacity 4066K, committed 4096K, reserved 1048576K
}
Event: 201.584 GC heap before
{Heap before GC invocations=954 (full 0):
 garbage-first heap   total 104448K, used 90698K [0x00000000e7000000, 0x0000000100000000)
  region size 1024K, 53 young (54272K), 1 survivors (1024K)
 Metaspace       used 29948K, capacity 30364K, committed 30464K, reserved 1075200K
  class space    used 3928K, capacity 4066K, committed 4096K, reserved 1048576K
}
Event: 201.587 GC heap after
{Heap after GC invocations=955 (full 0):
 garbage-first heap   total 104448K, used 37455K [0x00000000e7000000, 0x0000000100000000)
  region size 1024K, 1 young (1024K), 1 survivors (1024K)
 Metaspace       used 29948K, capacity 30364K, committed 30464K, reserved 1075200K
  class space    used 3928K, capacity 4066K, committed 4096K, reserved 1048576K
}
Event: 201.683 GC heap before
{Heap before GC invocations=955 (full 0):
 garbage-first heap   total 104448K, used 90703K [0x00000000e7000000, 0x0000000100000000)
  region size 1024K, 53 young (54272K), 1 survivors (1024K)
 Metaspace       used 29948K, capacity 30364K, committed 30464K, reserved 1075200K
  class space    used 3928K, capacity 4066K, committed 4096K, reserved 1048576K
}
Event: 201.686 GC heap after
{Heap after GC invocations=956 (full 0):
 garbage-first heap   total 104448K, used 37436K [0x00000000e7000000, 0x0000000100000000)
  region size 1024K, 1 young (1024K), 1 survivors (1024K)
 Metaspace       used 29948K, capacity 30364K, committed 30464K, reserved 1075200K
  class space    used 3928K, capacity 4066K, committed 4096K, reserved 1048576K
}
Event: 201.777 GC heap before
{Heap before GC invocations=956 (full 0):
 garbage-first heap   total 104448K, used 90684K [0x00000000e7000000, 0x0000000100000000)
  region size 1024K, 53 young (54272K), 1 survivors (1024K)
 Metaspace       used 29948K, capacity 30364K, committed 30464K, reserved 1075200K
  class space    used 3928K, capacity 4066K, committed 4096K, reserved 1048576K
}
Event: 201.780 GC heap after
{Heap after GC invocations=957 (full 0):
 garbage-first heap   total 104448K, used 37455K [0x00000000e7000000, 0x0000000100000000)
  region size 1024K, 1 young (1024K), 1 survivors (1024K)
 Metaspace       used 29948K, capacity 30364K, committed 30464K, reserved 1075200K
  class space    used 3928K, capacity 4066K, committed 4096K, reserved 1048576K
}
Event: 201.873 GC heap before
{Heap before GC invocations=957 (full 0):
 garbage-first heap   total 104448K, used 90703K [0x00000000e7000000, 0x0000000100000000)
  region size 1024K, 53 young (54272K), 1 survivors (1024K)
 Metaspace       used 29951K, capacity 30364K, committed 30464K, reserved 1075200K
  class space    used 3928K, capacity 4066K, committed 4096K, reserved 1048576K
}
Event: 201.875 GC heap after
{Heap after GC invocations=958 (full 0):
 garbage-first heap   total 104448K, used 37470K [0x00000000e7000000, 0x0000000100000000)
  region size 1024K, 1 young (1024K), 1 survivors (1024K)
 Metaspace       used 29951K, capacity 30364K, committed 30464K, reserved 1075200K
  class space    used 3928K, capacity 4066K, committed 4096K, reserved 1048576K
}
Event: 201.969 GC heap before
{Heap before GC invocations=958 (full 0):
 garbage-first heap   total 104448K, used 90718K [0x00000000e7000000, 0x0000000100000000)
  region size 1024K, 53 young (54272K), 1 survivors (1024K)
 Metaspace       used 29951K, capacity 30364K, committed 30464K, reserved 1075200K
  class space    used 3928K, capacity 4066K, committed 4096K, reserved 1048576K
}
Event: 201.971 GC heap after
{Heap after GC invocations=959 (full 0):
 garbage-first heap   total 104448K, used 37470K [0x00000000e7000000, 0x0000000100000000)
  region size 1024K, 1 young (1024K), 1 survivors (1024K)
 Metaspace       used 29951K, capacity 30364K, committed 30464K, reserved 1075200K
  class space    used 3928K, capacity 4066K, committed 4096K, reserved 1048576K
}
Event: 202.064 GC heap before
{Heap before GC invocations=959 (full 0):
 garbage-first heap   total 104448K, used 90718K [0x00000000e7000000, 0x0000000100000000)
  region size 1024K, 53 young (54272K), 1 survivors (1024K)
 Metaspace       used 29951K, capacity 30364K, committed 30464K, reserved 1075200K
  class space    used 3928K, capacity 4066K, committed 4096K, reserved 1048576K
}
Event: 202.066 GC heap after
{Heap after GC invocations=960 (full 0):
 garbage-first heap   total 104448K, used 37451K [0x00000000e7000000, 0x0000000100000000)
  region size 1024K, 1 young (1024K), 1 survivors (1024K)
 Metaspace       used 29951K, capacity 30364K, committed 30464K, reserved 1075200K
  class space    used 3928K, capacity 4066K, committed 4096K, reserved 1048576K
}
Event: 202.158 GC heap before
{Heap before GC invocations=960 (full 0):
 garbage-first heap   total 104448K, used 90699K [0x00000000e7000000, 0x0000000100000000)
  region size 1024K, 53 young (54272K), 1 survivors (1024K)
 Metaspace       used 29951K, capacity 30364K, committed 30464K, reserved 1075200K
  class space    used 3928K, capacity 4066K, committed 4096K, reserved 1048576K
}
Event: 202.160 GC heap after
{Heap after GC invocations=961 (full 0):
 garbage-first heap   total 104448K, used 37452K [0x00000000e7000000, 0x0000000100000000)
  region size 1024K, 1 young (1024K), 1 survivors (1024K)
 Metaspace       used 29951K, capacity 30364K, committed 30464K, reserved 1075200K
  class space    used 3928K, capacity 4066K, committed 4096K, reserved 1048576K
}
Event: 202.254 GC heap before
{Heap before GC invocations=961 (full 0):
 garbage-first heap   total 104448K, used 90700K [0x00000000e7000000, 0x0000000100000000)
  region size 1024K, 53 young (54272K), 1 survivors (1024K)
 Metaspace       used 29951K, capacity 30364K, committed 30464K, reserved 1075200K
  class space    used 3928K, capacity 4066K, committed 4096K, reserved 1048576K
}
Event: 202.256 GC heap after
{Heap after GC invocations=962 (full 0):
 garbage-first heap   total 104448K, used 37453K [0x00000000e7000000, 0x0000000100000000)
  region size 1024K, 1 young (1024K), 1 survivors (1024K)
 Metaspace       used 29951K, capacity 30364K, committed 30464K, reserved 1075200K
  class space    used 3928K, capacity 4066K, committed 4096K, reserved 1048576K
}
Event: 202.351 GC heap before
{Heap before GC invocations=962 (full 0):
 garbage-first heap   total 104448K, used 90701K [0x00000000e7000000, 0x0000000100000000)
  region size 1024K, 53 young (54272K), 1 survivors (1024K)
 Metaspace       used 29951K, capacity 30364K, committed 30464K, reserved 1075200K
  class space    used 3928K, capacity 4066K, committed 4096K, reserved 1048576K
}
Event: 202.353 GC heap after
{Heap after GC invocations=963 (full 0):
 garbage-first heap   total 104448K, used 37469K [0x00000000e7000000, 0x0000000100000000)
  region size 1024K, 1 young (1024K), 1 survivors (1024K)
 Metaspace       used 29951K, capacity 30364K, committed 30464K, reserved 1075200K
  class space    used 3928K, capacity 4066K, committed 4096K, reserved 1048576K
}
Event: 202.445 GC heap before
{Heap before GC invocations=963 (full 0):
 garbage-first heap   total 104448K, used 90717K [0x00000000e7000000, 0x0000000100000000)
  region size 1024K, 53 young (54272K), 1 survivors (1024K)
 Metaspace       used 29951K, capacity 30364K, committed 30464K, reserved 1075200K
  class space    used 3928K, capacity 4066K, committed 4096K, reserved 1048576K
}

Deoptimization events (20 events):
Event: 186.511 Thread 0x000002c955f76630 Uncommon trap: trap_request=0xffffffde fr.pc=0x000002c93beb2bbc relative=0x000000000000019c
Event: 186.511 Thread 0x000002c955f76630 Uncommon trap: reason=class_check action=maybe_recompile pc=0x000002c93beb2bbc method=java.lang.reflect.Array.newInstance(Ljava/lang/Class;I)Ljava/lang/Object; @ 2 c2
Event: 186.511 Thread 0x000002c955f76630 DEOPT PACKING pc=0x000002c93beb2bbc sp=0x000000e0b37fe230
Event: 186.512 Thread 0x000002c955f76630 DEOPT UNPACKING pc=0x000002c933d8e42f sp=0x000000e0b37fe130 mode 2
Event: 186.689 Thread 0x000002c955f76630 Uncommon trap: trap_request=0xffffffde fr.pc=0x000002c93beb2bbc relative=0x000000000000019c
Event: 186.689 Thread 0x000002c955f76630 Uncommon trap: reason=class_check action=maybe_recompile pc=0x000002c93beb2bbc method=java.lang.reflect.Array.newInstance(Ljava/lang/Class;I)Ljava/lang/Object; @ 2 c2
Event: 186.689 Thread 0x000002c955f76630 DEOPT PACKING pc=0x000002c93beb2bbc sp=0x000000e0b37fe230
Event: 186.689 Thread 0x000002c955f76630 DEOPT UNPACKING pc=0x000002c933d8e42f sp=0x000000e0b37fe130 mode 2
Event: 186.689 Thread 0x000002c955f76630 Uncommon trap: trap_request=0xffffffde fr.pc=0x000002c93beb2bbc relative=0x000000000000019c
Event: 186.689 Thread 0x000002c955f76630 Uncommon trap: reason=class_check action=maybe_recompile pc=0x000002c93beb2bbc method=java.lang.reflect.Array.newInstance(Ljava/lang/Class;I)Ljava/lang/Object; @ 2 c2
Event: 186.689 Thread 0x000002c955f76630 DEOPT PACKING pc=0x000002c93beb2bbc sp=0x000000e0b37fe230
Event: 186.689 Thread 0x000002c955f76630 DEOPT UNPACKING pc=0x000002c933d8e42f sp=0x000000e0b37fe130 mode 2
Event: 190.526 Thread 0x000002c948f6db00 Uncommon trap: trap_request=0xffffff45 fr.pc=0x000002c93be524c0 relative=0x00000000000001a0
Event: 190.526 Thread 0x000002c948f6db00 Uncommon trap: reason=unstable_if action=reinterpret pc=0x000002c93be524c0 method=com.sun.javafx.geom.RectBounds.disjoint(Lcom/sun/javafx/geom/RectBounds;)Z @ 53 c2
Event: 190.526 Thread 0x000002c948f6db00 DEOPT PACKING pc=0x000002c93be524c0 sp=0x000000e0b59fd660
Event: 190.526 Thread 0x000002c948f6db00 DEOPT UNPACKING pc=0x000002c933d8e42f sp=0x000000e0b59fd5f0 mode 2
Event: 193.354 Thread 0x000002c948f6db00 Uncommon trap: trap_request=0xffffff45 fr.pc=0x000002c93bb484cc relative=0x000000000000034c
Event: 193.354 Thread 0x000002c948f6db00 Uncommon trap: reason=unstable_if action=reinterpret pc=0x000002c93bb484cc method=com.sun.marlin.DTransformingPathConsumer2D$PathClipFilter.clip(III)V @ 9 c2
Event: 193.354 Thread 0x000002c948f6db00 DEOPT PACKING pc=0x000002c93bb484cc sp=0x000000e0b59fdcb0
Event: 193.354 Thread 0x000002c948f6db00 DEOPT UNPACKING pc=0x000002c933d8e42f sp=0x000000e0b59fdbb8 mode 2

Classes unloaded (0 events):
No events

Classes redefined (0 events):
No events

Internal exceptions (20 events):
Event: 7.649 Thread 0x000002c948f99c30 Implicit null exception at 0x000002c93ba0cc87 to 0x000002c93ba0ccec
Event: 7.649 Thread 0x000002c948f99c30 Implicit null exception at 0x000002c93bb2549a to 0x000002c93bb25de0
Event: 8.817 Thread 0x000002c948f6db00 Implicit null exception at 0x000002c93bb43b2c to 0x000002c93bb43ba4
Event: 38.806 Thread 0x000002c948f99c30 Exception <a 'java/lang/NullPointerException'{0x00000000eb9e0488}> (0x00000000eb9e0488) 
thrown [./open/src/hotspot/share/interpreter/linkResolver.cpp, line 1374]
Event: 79.104 Thread 0x000002c948f99c30 Exception <a 'java/lang/NullPointerException'{0x00000000eb468228}> (0x00000000eb468228) 
thrown [./open/src/hotspot/share/interpreter/linkResolver.cpp, line 1374]
Event: 81.369 Thread 0x000002c948f99c30 Exception <a 'java/lang/NoSuchMethodError'{0x00000000ead30500}: 'java.lang.Object java.lang.invoke.DirectMethodHandle$Holder.newInvokeSpecial(java.lang.Object, java.lang.Object, int, int, int, int, int, java.lang.Object)'> (0x00000000ead30500) 
thrown [./open/src/hotspot/share/interpreter/linkResolver.cpp, line 782]
Event: 81.427 Thread 0x000002c948f99c30 Exception <a 'java/lang/NoSuchMethodError'{0x00000000ead48ff0}: 'java.lang.Object java.lang.invoke.DirectMethodHandle$Holder.newInvokeSpecial(java.lang.Object, java.lang.Object, java.lang.Object, int, int, int, int, int)'> (0x00000000ead48ff0) 
thrown [./open/src/hotspot/share/interpreter/linkResolver.cpp, line 782]
Event: 81.428 Thread 0x000002c948f99c30 Exception <a 'java/lang/NoSuchMethodError'{0x00000000ead52bf0}: 'java.lang.Object java.lang.invoke.Invokers$Holder.linkToTargetMethod(java.lang.Object, java.lang.Object, int, int, int, int, int, java.lang.Object)'> (0x00000000ead52bf0) 
thrown [./open/src/hotspot/share/interpreter/linkResolver.cpp, line 782]
Event: 102.225 Thread 0x000002c948f6db00 Implicit null exception at 0x000002c93bb5cfc9 to 0x000002c93bb60058
Event: 102.225 Thread 0x000002c948f6db00 Implicit null exception at 0x000002c93bb8ee65 to 0x000002c93bb8eeec
Event: 102.225 Thread 0x000002c948f6db00 Implicit null exception at 0x000002c93b939954 to 0x000002c93b9399bc
Event: 102.225 Thread 0x000002c948f6db00 Implicit null exception at 0x000002c93bb093d0 to 0x000002c93bb0942c
Event: 104.440 Thread 0x000002c948f99c30 Exception <a 'java/lang/NoSuchMethodError'{0x00000000ecc6e5c8}: 'java.lang.Object java.lang.invoke.DirectMethodHandle$Holder.newInvokeSpecial(java.lang.Object, java.lang.Object, java.lang.Object, java.lang.Object, double)'> (0x00000000ecc6e5c8) 
thrown [./open/src/hotspot/share/interpreter/linkResolver.cpp, line 782]
Event: 104.440 Thread 0x000002c948f99c30 Exception <a 'java/lang/NoSuchMethodError'{0x00000000ecc733d0}: 'java.lang.Object java.lang.invoke.DirectMethodHandle$Holder.invokeSpecial(java.lang.Object, java.lang.Object, java.lang.Object, java.lang.Object, java.lang.Object, double)'> (0x00000000ecc733d0) 
thrown [./open/src/hotspot/share/interpreter/linkResolver.cpp, line 782]
Event: 104.440 Thread 0x000002c948f99c30 Exception <a 'java/lang/NoSuchMethodError'{0x00000000ecc77808}: 'java.lang.Object java.lang.invoke.Invokers$Holder.linkToTargetMethod(java.lang.Object, java.lang.Object, java.lang.Object, double, java.lang.Object)'> (0x00000000ecc77808) 
thrown [./open/src/hotspot/share/interpreter/linkResolver.cpp, line 782]
Event: 104.447 Thread 0x000002c948f99c30 Implicit null exception at 0x000002c93badb604 to 0x000002c93badb62d
Event: 107.258 Thread 0x000002c948f99c30 Implicit null exception at 0x000002c93bd7213b to 0x000002c93bd747d4
Event: 121.920 Thread 0x000002c948f6db00 Implicit null exception at 0x000002c93bd8644c to 0x000002c93bd89b8c
Event: 121.920 Thread 0x000002c948f6db00 Implicit null exception at 0x000002c93bbf0b06 to 0x000002c93bbf0bec
Event: 122.800 Thread 0x000002c948f99c30 Implicit null exception at 0x000002c93bb6f69b to 0x000002c93bb700bc

Events (20 events):
Event: 202.254 Executing VM operation: G1CollectForAllocation done
Event: 202.254 Executing VM operation: HandshakeAllThreads
Event: 202.254 Executing VM operation: HandshakeAllThreads done
Event: 202.254 Executing VM operation: G1CollectForAllocation
Event: 202.256 Executing VM operation: G1CollectForAllocation done
Event: 202.256 Executing VM operation: HandshakeAllThreads
Event: 202.256 Executing VM operation: HandshakeAllThreads done
Event: 202.351 Executing VM operation: G1CollectForAllocation
Event: 202.351 Executing VM operation: G1CollectForAllocation done
Event: 202.351 Executing VM operation: HandshakeAllThreads
Event: 202.351 Executing VM operation: HandshakeAllThreads done
Event: 202.351 Executing VM operation: G1CollectForAllocation
Event: 202.353 Executing VM operation: G1CollectForAllocation done
Event: 202.353 Executing VM operation: HandshakeAllThreads
Event: 202.353 Executing VM operation: HandshakeAllThreads done
Event: 202.445 Executing VM operation: G1CollectForAllocation
Event: 202.445 Executing VM operation: G1CollectForAllocation done
Event: 202.445 Executing VM operation: HandshakeAllThreads
Event: 202.445 Executing VM operation: HandshakeAllThreads done
Event: 202.445 Executing VM operation: G1CollectForAllocation


Dynamic libraries:
0x00007ff706040000 - 0x00007ff70604f000 	C:\Program Files\Java\jdk-15.0.2\bin\java.exe
0x00007fff2bfa0000 - 0x00007fff2c190000 	C:\Windows\SYSTEM32\ntdll.dll
0x00007fff2b3e0000 - 0x00007fff2b492000 	C:\Windows\System32\KERNEL32.DLL
0x00007fff29340000 - 0x00007fff295e3000 	C:\Windows\System32\KERNELBASE.dll
0x00007fff29d90000 - 0x00007fff29e8a000 	C:\Windows\System32\ucrtbase.dll
0x00007fff257c0000 - 0x00007fff257d9000 	C:\Program Files\Java\jdk-15.0.2\bin\VCRUNTIME140.dll
0x00007fff26990000 - 0x00007fff269a8000 	C:\Program Files\Java\jdk-15.0.2\bin\jli.dll
0x00007fff2b4a0000 - 0x00007fff2b543000 	C:\Windows\System32\ADVAPI32.dll
0x00007fff2a240000 - 0x00007fff2a2de000 	C:\Windows\System32\msvcrt.dll
0x00007fff2a2e0000 - 0x00007fff2a377000 	C:\Windows\System32\sechost.dll
0x00007fff2b6f0000 - 0x00007fff2b810000 	C:\Windows\System32\RPCRT4.dll
0x00007fff2ba50000 - 0x00007fff2bbe4000 	C:\Windows\System32\USER32.dll
0x00007fff23ca0000 - 0x00007fff23f25000 	C:\Windows\WinSxS\amd64_microsoft.windows.common-controls_6595b64144ccf1df_6.0.18362.418_none_e6c6b287130d565d\COMCTL32.dll
0x00007fff29270000 - 0x00007fff29291000 	C:\Windows\System32\win32u.dll
0x00007fff2bbf0000 - 0x00007fff2bf26000 	C:\Windows\System32\combase.dll
0x00007fff2ba20000 - 0x00007fff2ba46000 	C:\Windows\System32\GDI32.dll
0x00007fff291f0000 - 0x00007fff29270000 	C:\Windows\System32\bcryptPrimitives.dll
0x00007fff28f00000 - 0x00007fff29094000 	C:\Windows\System32\gdi32full.dll
0x00007fff292a0000 - 0x00007fff2933e000 	C:\Windows\System32\msvcp_win.dll
0x00007fff23ff0000 - 0x00007fff23ffa000 	C:\Windows\SYSTEM32\VERSION.dll
0x00007fff2a3e0000 - 0x00007fff2a40e000 	C:\Windows\System32\IMM32.DLL
0x00007fff257b0000 - 0x00007fff257bc000 	C:\Program Files\Java\jdk-15.0.2\bin\vcruntime140_1.dll
0x00007fff25710000 - 0x00007fff257a1000 	C:\Program Files\Java\jdk-15.0.2\bin\msvcp140.dll
0x00007fff00bb0000 - 0x00007fff0170e000 	C:\Program Files\Java\jdk-15.0.2\bin\server\jvm.dll
0x00007fff2b6e0000 - 0x00007fff2b6e8000 	C:\Windows\System32\PSAPI.DLL
0x00007fff10390000 - 0x00007fff10399000 	C:\Windows\SYSTEM32\WSOCK32.dll
0x00007fff25b00000 - 0x00007fff25b24000 	C:\Windows\SYSTEM32\WINMM.dll
0x00007fff2b370000 - 0x00007fff2b3df000 	C:\Windows\System32\WS2_32.dll
0x00007fff25ad0000 - 0x00007fff25afd000 	C:\Windows\SYSTEM32\WINMMBASE.dll
0x00007fff29fd0000 - 0x00007fff2a01a000 	C:\Windows\System32\cfgmgr32.dll
0x00007fff28e50000 - 0x00007fff28e61000 	C:\Windows\System32\kernel.appcore.dll
0x00007fff25700000 - 0x00007fff2570a000 	C:\Program Files\Java\jdk-15.0.2\bin\jimage.dll
0x00007fff1a210000 - 0x00007fff1a404000 	C:\Windows\SYSTEM32\DBGHELP.DLL
0x00007fff1a1e0000 - 0x00007fff1a20a000 	C:\Windows\SYSTEM32\dbgcore.DLL
0x00007fff256c0000 - 0x00007fff256ce000 	C:\Program Files\Java\jdk-15.0.2\bin\instrument.dll
0x00007fff256d0000 - 0x00007fff256f5000 	C:\Program Files\Java\jdk-15.0.2\bin\java.dll
0x00007fff2a960000 - 0x00007fff2b045000 	C:\Windows\System32\SHELL32.dll
0x00007fff2b550000 - 0x00007fff2b5f9000 	C:\Windows\System32\shcore.dll
0x00007fff29610000 - 0x00007fff29d8f000 	C:\Windows\System32\windows.storage.dll
0x00007fff28ee0000 - 0x00007fff28eff000 	C:\Windows\System32\profapi.dll
0x00007fff28e70000 - 0x00007fff28eba000 	C:\Windows\System32\powrprof.dll
0x00007fff28e40000 - 0x00007fff28e50000 	C:\Windows\System32\UMPDC.dll
0x00007fff2a380000 - 0x00007fff2a3d2000 	C:\Windows\System32\shlwapi.dll
0x00007fff295f0000 - 0x00007fff29607000 	C:\Windows\System32\cryptsp.dll
0x00007fff24ab0000 - 0x00007fff24ac9000 	C:\Program Files\Java\jdk-15.0.2\bin\net.dll
0x00007fff23370000 - 0x00007fff23460000 	C:\Windows\SYSTEM32\WINHTTP.dll
0x00007fff286b0000 - 0x00007fff28717000 	C:\Windows\system32\mswsock.dll
0x00007fff244d0000 - 0x00007fff244e2000 	C:\Program Files\Java\jdk-15.0.2\bin\nio.dll
0x00007fff1e670000 - 0x00007fff1e688000 	C:\Program Files\Java\jdk-15.0.2\bin\zip.dll
0x00007fff1e050000 - 0x00007fff1e06a000 	C:\Program Files\JetBrains\IntelliJ IDEA Community Edition 2021.2.1\bin\breakgen64.dll
0x000002c92ba50000 - 0x000002c92ba53000 	C:\Program Files\Java\javafx-sdk-16\bin\api-ms-win-core-console-l1-1-0.dll
0x000002c92ba60000 - 0x000002c92ba63000 	C:\Program Files\Java\javafx-sdk-16\bin\api-ms-win-core-console-l1-2-0.dll
0x000002c92ba70000 - 0x000002c92ba73000 	C:\Program Files\Java\javafx-sdk-16\bin\api-ms-win-core-datetime-l1-1-0.dll
0x000002c92ba80000 - 0x000002c92ba83000 	C:\Program Files\Java\javafx-sdk-16\bin\api-ms-win-core-debug-l1-1-0.dll
0x000002c92ba90000 - 0x000002c92ba93000 	C:\Program Files\Java\javafx-sdk-16\bin\api-ms-win-core-errorhandling-l1-1-0.dll
0x000002c92baa0000 - 0x000002c92baa4000 	C:\Program Files\Java\javafx-sdk-16\bin\api-ms-win-core-file-l1-1-0.dll
0x000002c92bab0000 - 0x000002c92bab3000 	C:\Program Files\Java\javafx-sdk-16\bin\api-ms-win-core-file-l1-2-0.dll
0x000002c92bac0000 - 0x000002c92bac3000 	C:\Program Files\Java\javafx-sdk-16\bin\api-ms-win-core-file-l2-1-0.dll
0x000002c92bad0000 - 0x000002c92bad3000 	C:\Program Files\Java\javafx-sdk-16\bin\api-ms-win-core-handle-l1-1-0.dll
0x000002c949990000 - 0x000002c949993000 	C:\Program Files\Java\javafx-sdk-16\bin\api-ms-win-core-heap-l1-1-0.dll
0x000002c9499a0000 - 0x000002c9499a3000 	C:\Program Files\Java\javafx-sdk-16\bin\api-ms-win-core-interlocked-l1-1-0.dll
0x000002c9499b0000 - 0x000002c9499b3000 	C:\Program Files\Java\javafx-sdk-16\bin\api-ms-win-core-libraryloader-l1-1-0.dll
0x000002c9499c0000 - 0x000002c9499c3000 	C:\Program Files\Java\javafx-sdk-16\bin\api-ms-win-core-localization-l1-2-0.dll
0x000002c9499d0000 - 0x000002c9499d3000 	C:\Program Files\Java\javafx-sdk-16\bin\api-ms-win-core-memory-l1-1-0.dll
0x000002c9499e0000 - 0x000002c9499e3000 	C:\Program Files\Java\javafx-sdk-16\bin\api-ms-win-core-namedpipe-l1-1-0.dll
0x000002c9499f0000 - 0x000002c9499f3000 	C:\Program Files\Java\javafx-sdk-16\bin\api-ms-win-core-processenvironment-l1-1-0.dll
0x000002c949d50000 - 0x000002c949d53000 	C:\Program Files\Java\javafx-sdk-16\bin\api-ms-win-core-processthreads-l1-1-0.dll
0x000002c949d60000 - 0x000002c949d63000 	C:\Program Files\Java\javafx-sdk-16\bin\api-ms-win-core-processthreads-l1-1-1.dll
0x000002c949d70000 - 0x000002c949d73000 	C:\Program Files\Java\javafx-sdk-16\bin\api-ms-win-core-profile-l1-1-0.dll
0x000002c949d80000 - 0x000002c949d83000 	C:\Program Files\Java\javafx-sdk-16\bin\api-ms-win-core-rtlsupport-l1-1-0.dll
0x000002c949d90000 - 0x000002c949d93000 	C:\Program Files\Java\javafx-sdk-16\bin\api-ms-win-core-string-l1-1-0.dll
0x000002c949da0000 - 0x000002c949da3000 	C:\Program Files\Java\javafx-sdk-16\bin\api-ms-win-core-synch-l1-1-0.dll
0x000002c949db0000 - 0x000002c949db3000 	C:\Program Files\Java\javafx-sdk-16\bin\api-ms-win-core-synch-l1-2-0.dll
0x000002c949dc0000 - 0x000002c949dc3000 	C:\Program Files\Java\javafx-sdk-16\bin\api-ms-win-core-sysinfo-l1-1-0.dll
0x000002c949dd0000 - 0x000002c949dd3000 	C:\Program Files\Java\javafx-sdk-16\bin\api-ms-win-core-timezone-l1-1-0.dll
0x000002c949a00000 - 0x000002c949a03000 	C:\Program Files\Java\javafx-sdk-16\bin\api-ms-win-core-util-l1-1-0.dll
0x000002c949a10000 - 0x000002c949a13000 	C:\Program Files\Java\javafx-sdk-16\bin\api-ms-win-crt-conio-l1-1-0.dll
0x000002c949a20000 - 0x000002c949a24000 	C:\Program Files\Java\javafx-sdk-16\bin\api-ms-win-crt-convert-l1-1-0.dll
0x000002c949a30000 - 0x000002c949a33000 	C:\Program Files\Java\javafx-sdk-16\bin\api-ms-win-crt-environment-l1-1-0.dll
0x000002c949a40000 - 0x000002c949a43000 	C:\Program Files\Java\javafx-sdk-16\bin\api-ms-win-crt-filesystem-l1-1-0.dll
0x000002c949a50000 - 0x000002c949a53000 	C:\Program Files\Java\javafx-sdk-16\bin\api-ms-win-crt-heap-l1-1-0.dll
0x000002c949a60000 - 0x000002c949a63000 	C:\Program Files\Java\javafx-sdk-16\bin\api-ms-win-crt-locale-l1-1-0.dll
0x000002c949a70000 - 0x000002c949a75000 	C:\Program Files\Java\javafx-sdk-16\bin\api-ms-win-crt-math-l1-1-0.dll
0x000002c949a80000 - 0x000002c949a85000 	C:\Program Files\Java\javafx-sdk-16\bin\api-ms-win-crt-multibyte-l1-1-0.dll
0x000002c949a90000 - 0x000002c949aa0000 	C:\Program Files\Java\javafx-sdk-16\bin\api-ms-win-crt-private-l1-1-0.dll
0x000002c949aa0000 - 0x000002c949aa3000 	C:\Program Files\Java\javafx-sdk-16\bin\api-ms-win-crt-process-l1-1-0.dll
0x000002c949ab0000 - 0x000002c949ab4000 	C:\Program Files\Java\javafx-sdk-16\bin\api-ms-win-crt-runtime-l1-1-0.dll
0x000002c949ac0000 - 0x000002c949ac4000 	C:\Program Files\Java\javafx-sdk-16\bin\api-ms-win-crt-stdio-l1-1-0.dll
0x000002c949ad0000 - 0x000002c949ad4000 	C:\Program Files\Java\javafx-sdk-16\bin\api-ms-win-crt-string-l1-1-0.dll
0x000002c949ae0000 - 0x000002c949ae3000 	C:\Program Files\Java\javafx-sdk-16\bin\api-ms-win-crt-time-l1-1-0.dll
0x000002c949af0000 - 0x000002c949af3000 	C:\Program Files\Java\javafx-sdk-16\bin\api-ms-win-crt-utility-l1-1-0.dll
0x00007fff0efd0000 - 0x00007fff0f0cc000 	C:\Program Files\Java\javafx-sdk-16\bin\ucrtbase.dll
0x00007fff1cf60000 - 0x00007fff1cf79000 	C:\Program Files\Java\javafx-sdk-16\bin\vcruntime140.dll
0x00007fff1ff10000 - 0x00007fff1ff1c000 	C:\Program Files\Java\javafx-sdk-16\bin\vcruntime140_1.dll
0x00007fff1bcd0000 - 0x00007fff1bd61000 	C:\Program Files\Java\javafx-sdk-16\bin\msvcp140.dll
0x00007fff1a880000 - 0x00007fff1a8a7000 	C:\Program Files\Java\javafx-sdk-16\bin\prism_d3d.dll
0x00007fff03360000 - 0x00007fff03527000 	C:\Windows\system32\d3d9.dll
0x00007fff27510000 - 0x00007fff2753d000 	C:\Windows\SYSTEM32\dwmapi.dll
0x00007fff27ab0000 - 0x00007fff27ad0000 	C:\Windows\SYSTEM32\dxcore.dll
0x00007fff271a0000 - 0x00007fff27239000 	C:\Windows\system32\uxtheme.dll
0x00007ffef9820000 - 0x00007ffefa8d6000 	C:\Windows\SYSTEM32\nvd3dumx.dll
0x00007fff1a830000 - 0x00007fff1a872000 	C:\Program Files\Java\javafx-sdk-16\bin\glass.dll
0x00007fff2b050000 - 0x00007fff2b120000 	C:\Windows\System32\COMDLG32.dll
0x00007fff2b210000 - 0x00007fff2b366000 	C:\Windows\System32\ole32.dll
0x00007fff2b950000 - 0x00007fff2ba14000 	C:\Windows\System32\OLEAUT32.dll
0x00007fff2b810000 - 0x00007fff2b946000 	C:\Windows\System32\MSCTF.dll
0x00007fff20120000 - 0x00007fff2028c000 	C:\Program Files (x86)\NVIDIA Corporation\3D Vision\nvSCPAPI64.dll
0x00007fff2a420000 - 0x00007fff2a890000 	C:\Windows\System32\SETUPAPI.dll
0x00007fff29f40000 - 0x00007fff29f66000 	C:\Windows\System32\bcrypt.dll
0x00007fff1cf40000 - 0x00007fff1cf54000 	C:\Program Files\Java\javafx-sdk-16\bin\javafx_font.dll
0x00007fff155a0000 - 0x00007fff1589e000 	C:\Windows\SYSTEM32\dwrite.dll
0x00007fff28220000 - 0x00007fff28253000 	C:\Windows\system32\rsaenh.dll
0x00007fff28d30000 - 0x00007fff28d55000 	C:\Windows\SYSTEM32\USERENV.dll
0x00007fff28880000 - 0x00007fff2888c000 	C:\Windows\SYSTEM32\CRYPTBASE.dll
0x00007fff283c0000 - 0x00007fff283fa000 	C:\Windows\SYSTEM32\IPHLPAPI.DLL
0x00007fff2a020000 - 0x00007fff2a028000 	C:\Windows\System32\NSI.dll
0x00007fff21990000 - 0x00007fff219a6000 	C:\Windows\SYSTEM32\dhcpcsvc6.DLL
0x00007fff1f9d0000 - 0x00007fff1f9ec000 	C:\Windows\SYSTEM32\dhcpcsvc.DLL
0x00007fff28400000 - 0x00007fff284ca000 	C:\Windows\SYSTEM32\DNSAPI.dll
0x00007fff2a890000 - 0x00007fff2a932000 	C:\Windows\System32\clbcatq.dll
0x00007fff225a0000 - 0x00007fff2274f000 	C:\Windows\SYSTEM32\WindowsCodecs.dll
0x00007fff0b5c0000 - 0x00007fff0b5fa000 	C:\Windows\system32\dataexchange.dll
0x00007fff260f0000 - 0x00007fff2634b000 	C:\Windows\system32\d3d11.dll
0x00007fff267b0000 - 0x00007fff2698b000 	C:\Windows\system32\dcomp.dll
0x00007fff27b40000 - 0x00007fff27c2b000 	C:\Windows\system32\dxgi.dll
0x00007fff27290000 - 0x00007fff274ea000 	C:\Windows\system32\twinapi.appcore.dll
0x00007fff277a0000 - 0x00007fff277c9000 	C:\Windows\system32\RMCLIENT.dll
0x00007fff19ff0000 - 0x00007fff1a023000 	C:\Program Files\Common Files\Microsoft Shared\Ink\rtscom.dll

dbghelp: loaded successfully - version: 4.0.5 - missing functions: none
symbol engine: initialized successfully - sym options: 0x614 - pdb path: .;C:\Program Files\Java\jdk-15.0.2\bin;C:\Windows\SYSTEM32;C:\Windows\WinSxS\amd64_microsoft.windows.common-controls_6595b64144ccf1df_6.0.18362.418_none_e6c6b287130d565d;C:\Program Files\Java\jdk-15.0.2\bin\server;C:\Program Files\JetBrains\IntelliJ IDEA Community Edition 2021.2.1\bin;C:\Program Files\Java\javafx-sdk-16\bin;C:\Program Files (x86)\NVIDIA Corporation\3D Vision;C:\Program Files\Common Files\Microsoft Shared\Ink;C:\Users\ADMIN14-SB1\AppData\Local\Temp

VM Arguments:
jvm_args: --module-path=C:\Program Files\Java\javafx-sdk-16\lib --add-modules=javafx.swing,javafx.controls,javafx.graphics,javafx.fxml,javafx.media,javafx.web --add-opens=javafx.base/com.sun.javafx.runtime=ALL-UNNAMED --add-opens=javafx.controls/com.sun.javafx.scene.control.behavior=ALL-UNNAMED --add-opens=javafx.controls/com.sun.javafx.scene.control=ALL-UNNAMED --add-opens=javafx.base/com.sun.javafx.binding=ALL-UNNAMED --add-opens=javafx.base/com.sun.javafx.event=ALL-UNNAMED --add-opens=javafx.graphics/com.sun.javafx.stage=ALL-UNNAMED --add-exports=javafx.graphics/com.sun.javafx.scene=ALL-UNNAMED -Dprism.vsync=false -Xms16M -Xmx400M -Djava.library.path=D:\Backup Terbaru\Intelij\DataMigration\library\jdts\x64\SSO -javaagent:C:\Program Files\JetBrains\IntelliJ IDEA Community Edition 2021.2.1\lib\idea_rt.jar=55811:C:\Program Files\JetBrains\IntelliJ IDEA Community Edition 2021.2.1\bin -Dfile.encoding=UTF-8 
java_command: Launcher
java_class_path (initial): D:\Backup Terbaru\Intelij\DataMigration\out\production\DataMigration;D:\Backup Terbaru\Intelij\DataMigration\library\javadbf-1.13.1.jar;D:\Backup Terbaru\Intelij\DataMigration\library\jfoenix-9.0.10.jar;C:\Program Files\Java\javafx-sdk-16\lib\src.zip;C:\Program Files\Java\javafx-sdk-16\lib\javafx-swt.jar;C:\Program Files\Java\javafx-sdk-16\lib\javafx.web.jar;C:\Program Files\Java\javafx-sdk-16\lib\javafx.base.jar;C:\Program Files\Java\javafx-sdk-16\lib\javafx.fxml.jar;C:\Program Files\Java\javafx-sdk-16\lib\javafx.media.jar;C:\Program Files\Java\javafx-sdk-16\lib\javafx.swing.jar;C:\Program Files\Java\javafx-sdk-16\lib\javafx.controls.jar;C:\Program Files\Java\javafx-sdk-16\lib\javafx.graphics.jar;D:\Backup Terbaru\Intelij\DataMigration\library\jdts\jtds-1.3.1.jar;D:\Zip4j\zip4j-2.9.0.jar;D:\SQLite JDBC\sqlite-jdbc-3.36.0.1.jar;D:\Ikonli jar\ikonli-javafx-12.2.0.jar;D:\Ikonli jar\ikonli-core-12.1.0.jar;D:\Ikonli jar\ikonli-fontawesome-pack-12.1.0.jar;D:\MaterialFX\materialfx-11.12.0.jar;C:\Users\ADMIN14-SB1\Downloads\Medusa-8.0.jar
Launcher Type: SUN_STANDARD

[Global flags]
     intx CICompilerCount                          = 12                                        {product} {ergonomic}
     uint ConcGCThreads                            = 3                                         {product} {ergonomic}
     uint G1ConcRefinementThreads                  = 13                                        {product} {ergonomic}
   size_t G1HeapRegionSize                         = 1048576                                   {product} {ergonomic}
    uintx GCDrainStackTargetSize                   = 64                                        {product} {ergonomic}
   size_t InitialHeapSize                          = 16777216                                  {product} {command line}
   size_t MarkStackSize                            = 4194304                                   {product} {ergonomic}
   size_t MaxHeapSize                              = 419430400                                 {product} {command line}
   size_t MaxNewSize                               = 251658240                                 {product} {ergonomic}
   size_t MinHeapDeltaBytes                        = 1048576                                   {product} {ergonomic}
   size_t MinHeapSize                              = 16777216                                  {product} {command line}
    uintx NonNMethodCodeHeapSize                   = 7602480                                {pd product} {ergonomic}
    uintx NonProfiledCodeHeapSize                  = 122027880                              {pd product} {ergonomic}
    uintx ProfiledCodeHeapSize                     = 122027880                              {pd product} {ergonomic}
    uintx ReservedCodeCacheSize                    = 251658240                              {pd product} {ergonomic}
     bool SegmentedCodeCache                       = true                                      {product} {ergonomic}
   size_t SoftMaxHeapSize                          = 419430400                              {manageable} {ergonomic}
     bool UseCompressedClassPointers               = true                                 {lp64_product} {ergonomic}
     bool UseCompressedOops                        = true                                 {lp64_product} {ergonomic}
     bool UseG1GC                                  = true                                      {product} {ergonomic}
     bool UseLargePagesIndividualAllocation        = false                                  {pd product} {ergonomic}

Logging:
Log output configuration:
 #0: stdout all=warning uptime,level,tags
 #1: stderr all=off uptime,level,tags

Environment Variables:
PATH=C:\Program Files\Common Files\Oracle\Java\javapath;C:\Program Files (x86)\Borland\Delphi7\Bin;C:\Program Files (x86)\Borland\Delphi7\Projects\Bpl\;C:\Windows\system32;C:\Windows;C:\Windows\System32\Wbem;C:\Windows\System32\WindowsPowerShell\v1.0\;C:\Windows\System32\OpenSSH\;C:\Program Files (x86)\Common Files\Adobe\AGL;C:\Program Files (x86)\Microsoft SQL Server\100\Tools\Binn\;C:\Program Files\Microsoft SQL Server\100\Tools\Binn\;C:\Program Files\Microsoft SQL Server\100\DTS\Binn\;C:\Program Files (x86)\Microsoft SQL Server\100\Tools\Binn\VSShell\Common7\IDE\;C:\Program Files (x86)\Microsoft Visual Studio 9.0\Common7\IDE\PrivateAssemblies\;C:\Program Files (x86)\Microsoft SQL Server\100\DTS\Binn\;C:\Users\ADMIN14-SB1\AppData\Local\Microsoft\WindowsApps;;C:\Users\ADMIN14-SB1\AppData\Local\Programs\Microsoft VS Code\bin;C:\Program Files\JetBrains\IntelliJ IDEA Community Edition 2021.2.1\bin;
USERNAME=ADMIN14-SB1
OS=Windows_NT
PROCESSOR_IDENTIFIER=Intel64 Family 6 Model 165 Stepping 5, GenuineIntel



---------------  S Y S T E M  ---------------

OS:
 Windows 10 , 64 bit Build 18362 (10.0.18362.329)
OS uptime: 0 days 7:36 hours

CPU: total 16 (initial active 16) (8 cores per cpu, 2 threads per core) family 6 model 165 stepping 5 microcode 0xe2, cmov, cx8, fxsr, mmx, sse, sse2, sse3, ssse3, sse4.1, sse4.2, popcnt, vzeroupper, avx, avx2, aes, clmul, erms, 3dnowpref, lzcnt, ht, tsc, tscinvbit, bmi1, bmi2, adx, fma, clflush, clflushopt

Memory: 4k page, system-wide physical 8127M (2304M free)
TotalPageFile size 10615M (AvailPageFile size 2862M)
current process WorkingSet (physical memory assigned to process): 262M, peak: 289M
current process commit charge ("private bytes"): 380M, peak: 412M

vm_info: Java HotSpot(TM) 64-Bit Server VM (15.0.2+7-27) for windows-amd64 JRE (15.0.2+7-27), built on Dec  7 2020 20:07:01 by "mach5one" with unknown MS VC++:1925

END.
