#
# A fatal error has been detected by the Java Runtime Environment:
#
#  EXCEPTION_ACCESS_VIOLATION (0xc0000005) at pc=0x00007ffefe4baf92, pid=9248, tid=11016
#
# JRE version: Java(TM) SE Runtime Environment (15.0.2+7) (build 15.0.2+7-27)
# Java VM: Java HotSpot(TM) 64-Bit Server VM (15.0.2+7-27, mixed mode, sharing, tiered, compressed oops, g1 gc, windows-amd64)
# Problematic frame:
# V  [jvm.dll+0x2aaf92]
#
# No core dump will be written. Minidumps are not enabled by default on client versions of Windows
#
# If you would like to submit a bug report, please visit:
#   https://bugreport.java.com/bugreport/crash.jsp
#

---------------  S U M M A R Y ------------

Command Line: --module-path=C:\Program Files\Java\javafx-sdk-16\lib --add-modules=javafx.swing,javafx.controls,javafx.graphics,javafx.fxml,javafx.media,javafx.web --add-opens=javafx.base/com.sun.javafx.runtime=ALL-UNNAMED --add-opens=javafx.controls/com.sun.javafx.scene.control.behavior=ALL-UNNAMED --add-opens=javafx.controls/com.sun.javafx.scene.control=ALL-UNNAMED --add-opens=javafx.base/com.sun.javafx.binding=ALL-UNNAMED --add-opens=javafx.base/com.sun.javafx.event=ALL-UNNAMED --add-opens=javafx.graphics/com.sun.javafx.stage=ALL-UNNAMED --add-exports=javafx.graphics/com.sun.javafx.scene=ALL-UNNAMED -Dprism.vsync=false -Xms16M -Xmx400M -Djava.library.path=D:\Backup Terbaru\Intelij\DataMigration\library\jdts\x64\SSO -javaagent:C:\Program Files\JetBrains\IntelliJ IDEA Community Edition 2021.2.1\lib\idea_rt.jar=52241:C:\Program Files\JetBrains\IntelliJ IDEA Community Edition 2021.2.1\bin -Dfile.encoding=UTF-8 Launcher

Host: Intel(R) Core(TM) i7-10700F CPU @ 2.90GHz, 16 cores, 7G,  Windows 10 , 64 bit Build 18362 (10.0.18362.329)
Time: Sat Sep 11 14:12:29 2021 SE Asia Standard Time elapsed time: 11.459405 seconds (0d 0h 0m 11s)

---------------  T H R E A D  ---------------

Current thread (0x0000020bef23ec70):  GCTaskThread "GC Thread#7" [stack: 0x00000084d7f70000,0x00000084d8070000] [id=11016]

Stack: [0x00000084d7f70000,0x00000084d8070000],  sp=0x00000084d806f960,  free space=1022k
Native frames: (J=compiled Java code, j=interpreted, Vv=VM code, C=native code)
V  [jvm.dll+0x2aaf92]
V  [jvm.dll+0x2ab41a]
V  [jvm.dll+0x2a6291]
V  [jvm.dll+0x2a6889]
V  [jvm.dll+0x2a6987]
V  [jvm.dll+0x2acaed]
V  [jvm.dll+0x7adfc0]
V  [jvm.dll+0x73d75a]
V  [jvm.dll+0x629c56]
C  [ucrtbase.dll+0x20e72]
C  [KERNEL32.DLL+0x17bd4]
C  [ntdll.dll+0x6ced1]


siginfo: EXCEPTION_ACCESS_VIOLATION (0xc0000005), data execution prevention violation at address 0x00007ffeec01ae92


Register to memory mapping:

RIP=0x00007ffefe4baf92 jvm.dll
RAX=0x0000000000014f00 is an unknown value
RBX=0x0000020bedfcebf0 points into unknown readable memory: 0x00007ffefea9a6f8 | f8 a6 a9 fe fe 7f 00 00
RCX=0x0000020bd07053c0 points into unknown readable memory: 0x0000000000000000 | 00 00 00 00 00 00 00 00
RDX=0x0 is NULL
RSP=0x00000084d806f960 points into unknown readable memory: 0x000000000000000c | 0c 00 00 00 00 00 00 00
RBP=0x0000000000000005 is an unknown value
RSI=0x0000020bd0705960 points into unknown readable memory: 0x0000000000000000 | 00 00 00 00 00 00 00 00
RDI=0x0000000000000003 is an unknown value
R8 =0x0 is NULL
R9 =0x0000000000000002 is an unknown value
R10=0x0000000000000018 is an unknown value
R11=0x0000000000000010 is an unknown value
R12=0x00000084d806fa30 points into unknown readable memory: 0x00000000ea091b0d | 0d 1b 09 ea 00 00 00 00
R13=0x0 is NULL
R14=0x0000020bce519650 points into unknown readable memory: 0x00007ffefea94178 | 78 41 a9 fe fe 7f 00 00
R15=0x0000000000000009 is an unknown value


Registers:
RAX=0x0000000000014f00, RBX=0x0000020bedfcebf0, RCX=0x0000020bd07053c0, RDX=0x0000000000000000
RSP=0x00000084d806f960, RBP=0x0000000000000005, RSI=0x0000020bd0705960, RDI=0x0000000000000003
R8 =0x0000000000000000, R9 =0x0000000000000002, R10=0x0000000000000018, R11=0x0000000000000010
R12=0x00000084d806fa30, R13=0x0000000000000000, R14=0x0000020bce519650, R15=0x0000000000000009
RIP=0x00007ffefe4baf92, EFLAGS=0x0000000000010246

Top of Stack: (sp=0x00000084d806f960)
0x00000084d806f960:   000000000000000c 0000020bedfcebf0
0x00000084d806f970:   00000084d806faf0 0000000000000003
0x00000084d806f980:   0000000000000000 0000020bce519650
0x00000084d806f990:   000000000000000c 0000020bedfcebf0
0x00000084d806f9a0:   00000084d806faf0 0000000000000003
0x00000084d806f9b0:   0000000000000000 00000000ea091b0c
0x00000084d806f9c0:   0000020bce519650 00007ffefe4bb41a
0x00000084d806f9d0:   0000020bedfcebf0 0000020bedfcebf0
0x00000084d806f9e0:   00000000ea09a224 0000a3f0000127f7
0x00000084d806f9f0:   0000020becb7e720 0000020bedfcebf0
0x00000084d806fa00:   0000000000000000 00000084d806fa80
0x00000084d806fa10:   0000000000000000 00007ffefe4b6291
0x00000084d806fa20:   0000003431130001 00007ffefea98800
0x00000084d806fa30:   00000000ea091b0d 00007ffefe4d69f7
0x00000084d806fa40:   00000084d54feea0 00007ffefe834c7f
0x00000084d806fa50:   0000000000000000 0000000000000000 

Instructions: (pc=0x00007ffefe4baf92)
0x00007ffefe4bae92:   ff ff 01 00 41 0f 44 c5 85 c0 75 10 bf ff ff ff
0x00007ffefe4baea2:   ff 89 be 00 02 00 00 e9 81 01 00 00 48 8b 82 80
0x00007ffefe4baeb2:   01 00 00 8b cb 48 8b 0c c8 8d 43 01 25 ff ff 01
0x00007ffefe4baec2:   00 49 89 0c 24 89 44 24 70 41 8b cd 0f 94 c1 48
0x00007ffefe4baed2:   8b c3 48 c1 e8 20 03 c8 89 4c 24 74 48 8b 4c 24
0x00007ffefe4baee2:   70 e9 8d 00 00 00 45 85 c0 0f 84 a1 00 00 00 49
0x00007ffefe4baef2:   8b 46 10 41 8b f9 49 8b 14 03 48 8b 82 00 01 00
0x00007ffefe4baf02:   00 48 89 44 24 28 8b 82 80 00 00 00 48 8b 5c 24
0x00007ffefe4baf12:   28 2b c3 25 ff ff 01 00 3d ff ff 01 00 41 0f 44
0x00007ffefe4baf22:   c5 85 c0 75 10 bf ff ff ff ff 89 be 00 02 00 00
0x00007ffefe4baf32:   e9 f8 00 00 00 48 8b 82 80 01 00 00 8b cb 48 8b
0x00007ffefe4baf42:   0c c8 8d 43 01 25 ff ff 01 00 49 89 0c 24 89 84
0x00007ffefe4baf52:   24 88 00 00 00 41 8b cd 0f 94 c1 48 8b c3 48 c1
0x00007ffefe4baf62:   e8 20 03 c8 89 8c 24 8c 00 00 00 48 8b 8c 24 88
0x00007ffefe4baf72:   00 00 00 48 8b 05 1c a4 76 00 4c 8b c3 48 81 c2
0x00007ffefe4baf82:   00 01 00 00 ff d0 48 3b c3 0f 94 c0 84 c0 75 05
0x00007ffefe4baf92:   bf ff ff ff ff 89 be 00 02 00 00 e9 8d 00 00 00
0x00007ffefe4bafa2:   0f 85 8b 00 00 00 49 8b 46 10 8d 4d ff 83 e1 01
0x00007ffefe4bafb2:   48 8b 14 c8 48 8b 82 00 01 00 00 48 89 44 24 28
0x00007ffefe4bafc2:   8b 82 80 00 00 00 48 8b 5c 24 28 2b c3 25 ff ff
0x00007ffefe4bafd2:   01 00 3d ff ff 01 00 41 0f 44 c5 85 c0 74 4e 48
0x00007ffefe4bafe2:   8b 82 80 01 00 00 4c 8b c3 8b cb 48 8b 0c c8 8d
0x00007ffefe4baff2:   43 01 25 ff ff 01 00 49 89 0c 24 89 44 24 20 41
0x00007ffefe4bb002:   8b cd 0f 94 c1 48 8b c3 48 c1 e8 20 48 81 c2 00
0x00007ffefe4bb012:   01 00 00 03 c8 48 8b 05 7a a3 76 00 89 4c 24 24
0x00007ffefe4bb022:   48 8b 4c 24 20 ff d0 48 3b c3 0f 94 c0 84 c0 75
0x00007ffefe4bb032:   2a 41 8b 4e 08 41 ff c7 8d 04 09 44 3b f8 0f 82
0x00007ffefe4bb042:   fa fc ff ff 32 c0 48 8b 5c 24 78 48 83 c4 30 41
0x00007ffefe4bb052:   5f 41 5e 41 5d 41 5c 5f 5e 5d c3 b0 01 eb e7 cc
0x00007ffefe4bb062:   cc cc cc cc cc cc cc cc cc cc cc cc cc cc 40 53
0x00007ffefe4bb072:   55 48 83 ec 38 48 8b ea 48 c7 44 24 60 00 00 00
0x00007ffefe4bb082:   00 8b 91 c8 01 00 00 4c 8d 44 24 60 48 8b d9 48 


Stack slot to memory mapping:
stack at sp + 0 slots: 0x000000000000000c is an unknown value
stack at sp + 1 slots: 0x0000020bedfcebf0 points into unknown readable memory: 0x00007ffefea9a6f8 | f8 a6 a9 fe fe 7f 00 00
stack at sp + 2 slots: 0x00000084d806faf0 points into unknown readable memory: 0x00007ffefea94140 | 40 41 a9 fe fe 7f 00 00
stack at sp + 3 slots: 0x0000000000000003 is an unknown value
stack at sp + 4 slots: 0x0 is NULL
stack at sp + 5 slots: 0x0000020bce519650 points into unknown readable memory: 0x00007ffefea94178 | 78 41 a9 fe fe 7f 00 00
stack at sp + 6 slots: 0x000000000000000c is an unknown value
stack at sp + 7 slots: 0x0000020bedfcebf0 points into unknown readable memory: 0x00007ffefea9a6f8 | f8 a6 a9 fe fe 7f 00 00


---------------  P R O C E S S  ---------------

Threads class SMR info:
_java_thread_list=0x0000020bec9bb2a0, length=24, elements={
0x0000020bd06eae60, 0x0000020bd07a8220, 0x0000020bd07a8d00, 0x0000020bebf19fe0,
0x0000020bebf1c4c0, 0x0000020bebf1ce80, 0x0000020bebf23310, 0x0000020bebf2bc20,
0x0000020bebf34df0, 0x0000020bebefc0e0, 0x0000020bec932850, 0x0000020bedf4fb00,
0x0000020bed470510, 0x0000020bec94c7d0, 0x0000020beea7d9f0, 0x0000020beea7e390,
0x0000020beea7e860, 0x0000020beea7d520, 0x0000020beea7dec0, 0x0000020beea7ed30,
0x0000020becaa7300, 0x0000020becaa8740, 0x0000020beea80540, 0x0000020beea80070
}

Java Threads: ( => current thread )
  0x0000020bd06eae60 JavaThread "main" [_thread_blocked, id=13812, stack(0x00000084d4e00000,0x00000084d4f00000)]
  0x0000020bd07a8220 JavaThread "Reference Handler" daemon [_thread_blocked, id=1728, stack(0x00000084d5500000,0x00000084d5600000)]
  0x0000020bd07a8d00 JavaThread "Finalizer" daemon [_thread_blocked, id=9288, stack(0x00000084d5600000,0x00000084d5700000)]
  0x0000020bebf19fe0 JavaThread "Signal Dispatcher" daemon [_thread_blocked, id=5588, stack(0x00000084d5700000,0x00000084d5800000)]
  0x0000020bebf1c4c0 JavaThread "Attach Listener" daemon [_thread_blocked, id=13612, stack(0x00000084d5800000,0x00000084d5900000)]
  0x0000020bebf1ce80 JavaThread "Service Thread" daemon [_thread_blocked, id=9844, stack(0x00000084d5900000,0x00000084d5a00000)]
  0x0000020bebf23310 JavaThread "C2 CompilerThread0" daemon [_thread_blocked, id=4196, stack(0x00000084d5a00000,0x00000084d5b00000)]
  0x0000020bebf2bc20 JavaThread "C1 CompilerThread0" daemon [_thread_blocked, id=9416, stack(0x00000084d5b00000,0x00000084d5c00000)]
  0x0000020bebf34df0 JavaThread "Sweeper thread" daemon [_thread_blocked, id=12952, stack(0x00000084d5c00000,0x00000084d5d00000)]
  0x0000020bebefc0e0 JavaThread "Common-Cleaner" daemon [_thread_blocked, id=768, stack(0x00000084d5d00000,0x00000084d5e00000)]
  0x0000020bec932850 JavaThread "C1 CompilerThread1" daemon [_thread_blocked, id=12848, stack(0x00000084d5e00000,0x00000084d5f00000)]
  0x0000020bedf4fb00 JavaThread "Monitor Ctrl-Break" daemon [_thread_in_native, id=8220, stack(0x00000084d6700000,0x00000084d6800000)]
  0x0000020bed470510 JavaThread "Notification Thread" daemon [_thread_blocked, id=2240, stack(0x00000084d6800000,0x00000084d6900000)]
  0x0000020bec94c7d0 JavaThread "JavaFX-Launcher" [_thread_blocked, id=13692, stack(0x00000084d6a00000,0x00000084d6b00000)]
  0x0000020beea7d9f0 JavaThread "QuantumRenderer-0" daemon [_thread_blocked, id=7132, stack(0x00000084d6d00000,0x00000084d6e00000)]
  0x0000020beea7e390 JavaThread "InvokeLaterDispatcher" daemon [_thread_blocked, id=11792, stack(0x00000084d6e00000,0x00000084d6f00000)]
  0x0000020beea7e860 JavaThread "JavaFX Application Thread" [_thread_in_native, id=13552, stack(0x00000084d6f00000,0x00000084d7000000)]
  0x0000020beea7d520 JavaThread "Thread-2" daemon [_thread_blocked, id=6444, stack(0x00000084d7000000,0x00000084d7100000)]
  0x0000020beea7dec0 JavaThread "Prism Font Disposer" daemon [_thread_blocked, id=1508, stack(0x00000084d7300000,0x00000084d7400000)]
  0x0000020beea7ed30 JavaThread "Cleaner-0" daemon [_thread_blocked, id=11272, stack(0x00000084d7a00000,0x00000084d7b00000)]
  0x0000020becaa7300 JavaThread "C1 CompilerThread2" daemon [_thread_blocked, id=3936, stack(0x00000084d6000000,0x00000084d6100000)]
  0x0000020becaa8740 JavaThread "C1 CompilerThread3" daemon [_thread_blocked, id=4164, stack(0x00000084d6100000,0x00000084d6200000)]
  0x0000020beea80540 JavaThread "Thread-4" daemon [_thread_blocked, id=2280, stack(0x00000084d6200000,0x00000084d6300000)]
  0x0000020beea80070 JavaThread "pool-2-thread-1" [_thread_blocked, id=6460, stack(0x00000084d6300000,0x00000084d6400000)]

Other Threads:
  0x0000020bd07a6cb0 VMThread "VM Thread" [stack: 0x00000084d5400000,0x00000084d5500000] [id=13124]
  0x0000020becb1b4f0 WatcherThread [stack: 0x00000084d6900000,0x00000084d6a00000] [id=11064]
  0x0000020bd0711510 GCTaskThread "GC Thread#0" [stack: 0x00000084d4f00000,0x00000084d5000000] [id=13936]
  0x0000020becc88c60 GCTaskThread "GC Thread#1" [stack: 0x00000084d6600000,0x00000084d6700000] [id=11148]
  0x0000020bed195810 GCTaskThread "GC Thread#2" [stack: 0x00000084d6b00000,0x00000084d6c00000] [id=12092]
  0x0000020bed195b40 GCTaskThread "GC Thread#3" [stack: 0x00000084d6c00000,0x00000084d6d00000] [id=13656]
  0x0000020bed194e80 GCTaskThread "GC Thread#4" [stack: 0x00000084d7100000,0x00000084d7200000] [id=13296]
  0x0000020bed196e60 GCTaskThread "GC Thread#5" [stack: 0x00000084d7200000,0x00000084d7300000] [id=11504]
  0x0000020bef23e940 GCTaskThread "GC Thread#6" [stack: 0x00000084d7e70000,0x00000084d7f70000] [id=5036]
=>0x0000020bef23ec70 GCTaskThread "GC Thread#7" [stack: 0x00000084d7f70000,0x00000084d8070000] [id=11016]
  0x0000020bd0716780 ConcurrentGCThread "G1 Main Marker" [stack: 0x00000084d5000000,0x00000084d5100000] [id=2664]
  0x0000020bd0717a20 ConcurrentGCThread "G1 Conc#0" [stack: 0x00000084d5100000,0x00000084d5200000] [id=8408]
  0x0000020bed195e70 ConcurrentGCThread "G1 Conc#1" [stack: 0x00000084d7700000,0x00000084d7800000] [id=12616]
  0x0000020bef23e2e0 ConcurrentGCThread "G1 Conc#2" [stack: 0x00000084d7800000,0x00000084d7900000] [id=2520]
  0x0000020bd075e790 ConcurrentGCThread "G1 Refine#0" [stack: 0x00000084d5200000,0x00000084d5300000] [id=10772]
  0x0000020bd075f2a0 ConcurrentGCThread "G1 Young RemSet Sampling" [stack: 0x00000084d5300000,0x00000084d5400000] [id=8400]

Threads with active compile tasks:

VM state: at safepoint (normal execution)

VM Mutex/Monitor currently owned by a thread:  ([mutex/lock_event])
[0x0000020bd06e5de0] Threads_lock - owner thread: 0x0000020bd07a6cb0
[0x0000020bd06e6800] Heap_lock - owner thread: 0x0000020beea80070

Heap address: 0x00000000e7000000, size: 400 MB, Compressed Oops mode: 32-bit
CDS archive(s) mapped at: [0x0000000800000000-0x0000000800b50000-0x0000000800b50000), size 11862016, SharedBaseAddress: 0x0000000800000000, ArchiveRelocationMode: 0.
Compressed class space mapped at: 0x0000000800b50000-0x0000000840b50000, size: 1073741824
Narrow klass base: 0x0000000800000000, Narrow klass shift: 3, Narrow klass range: 0x100000000

GC Precious Log:
 CPUs: 16 total, 16 available
 Memory: 8127M
 Large Page Support: Disabled
 NUMA Support: Disabled
 Compressed Oops: Enabled (32-bit)
 Heap Region Size: 1M
 Heap Min Capacity: 16M
 Heap Initial Capacity: 16M
 Heap Max Capacity: 400M
 Pre-touch: Disabled
 Parallel Workers: 13
 Concurrent Workers: 3
 Concurrent Refinement Workers: 13
 Periodic GC: Disabled

Heap:
 garbage-first heap   total 120832K, used 97341K [0x00000000e7000000, 0x0000000100000000)
  region size 1024K, 70 young (71680K), 1 survivors (1024K)
 Metaspace       used 26841K, capacity 27212K, committed 27264K, reserved 1073152K
  class space    used 3587K, capacity 3702K, committed 3712K, reserved 1048576K

Heap Regions: E=young(eden), S=young(survivor), O=old, HS=humongous(starts), HC=humongous(continues), CS=collection set, F=free, OA=open archive, CA=closed archive, TAMS=top-at-mark-start (previous, next)
|   0|0x00000000e7000000, 0x00000000e7100000, 0x00000000e7100000|100%| O|  |TAMS 0x00000000e7100000, 0x00000000e7000000| Untracked 
|   1|0x00000000e7100000, 0x00000000e7200000, 0x00000000e7200000|100%| O|  |TAMS 0x00000000e7200000, 0x00000000e7100000| Untracked 
|   2|0x00000000e7200000, 0x00000000e7300000, 0x00000000e7300000|100%| O|  |TAMS 0x00000000e7300000, 0x00000000e7200000| Untracked 
|   3|0x00000000e7300000, 0x00000000e7400000, 0x00000000e7400000|100%| O|  |TAMS 0x00000000e7400000, 0x00000000e7300000| Untracked 
|   4|0x00000000e7400000, 0x00000000e7500000, 0x00000000e7500000|100%| O|  |TAMS 0x00000000e7500000, 0x00000000e7400000| Untracked 
|   5|0x00000000e7500000, 0x00000000e7600000, 0x00000000e7600000|100%| O|  |TAMS 0x00000000e7600000, 0x00000000e7500000| Untracked 
|   6|0x00000000e7600000, 0x00000000e7627600, 0x00000000e7700000| 15%| O|  |TAMS 0x00000000e7600000, 0x00000000e7600000| Untracked 
|   7|0x00000000e7700000, 0x00000000e7700000, 0x00000000e7800000|  0%| F|  |TAMS 0x00000000e7700000, 0x00000000e7700000| Untracked 
|   8|0x00000000e7800000, 0x00000000e7900000, 0x00000000e7900000|100%| O|  |TAMS 0x00000000e7900000, 0x00000000e7800000| Untracked 
|   9|0x00000000e7900000, 0x00000000e7a00000, 0x00000000e7a00000|100%| O|  |TAMS 0x00000000e7a00000, 0x00000000e7900000| Untracked 
|  10|0x00000000e7a00000, 0x00000000e7b00000, 0x00000000e7b00000|100%| O|  |TAMS 0x00000000e7b00000, 0x00000000e7a00000| Untracked 
|  11|0x00000000e7b00000, 0x00000000e7c00000, 0x00000000e7c00000|100%|HS|  |TAMS 0x00000000e7c00000, 0x00000000e7b00000| Complete 
|  12|0x00000000e7c00000, 0x00000000e7d00000, 0x00000000e7d00000|100%|HC|  |TAMS 0x00000000e7d00000, 0x00000000e7c00000| Complete 
|  13|0x00000000e7d00000, 0x00000000e7e00000, 0x00000000e7e00000|100%| O|  |TAMS 0x00000000e7e00000, 0x00000000e7d00000| Untracked 
|  14|0x00000000e7e00000, 0x00000000e7f00000, 0x00000000e7f00000|100%| O|  |TAMS 0x00000000e7f00000, 0x00000000e7e00000| Untracked 
|  15|0x00000000e7f00000, 0x00000000e8000000, 0x00000000e8000000|100%| O|  |TAMS 0x00000000e8000000, 0x00000000e7f00000| Untracked 
|  16|0x00000000e8000000, 0x00000000e8100000, 0x00000000e8100000|100%| O|  |TAMS 0x00000000e8100000, 0x00000000e8000000| Untracked 
|  17|0x00000000e8100000, 0x00000000e8200000, 0x00000000e8200000|100%| O|  |TAMS 0x00000000e8200000, 0x00000000e8100000| Untracked 
|  18|0x00000000e8200000, 0x00000000e8300000, 0x00000000e8300000|100%|HS|  |TAMS 0x00000000e8300000, 0x00000000e8200000| Complete 
|  19|0x00000000e8300000, 0x00000000e8400000, 0x00000000e8400000|100%|HC|  |TAMS 0x00000000e8400000, 0x00000000e8300000| Complete 
|  20|0x00000000e8400000, 0x00000000e8500000, 0x00000000e8500000|100%| O|  |TAMS 0x00000000e8500000, 0x00000000e8400000| Untracked 
|  21|0x00000000e8500000, 0x00000000e8600000, 0x00000000e8600000|100%| O|  |TAMS 0x00000000e8600000, 0x00000000e8500000| Untracked 
|  22|0x00000000e8600000, 0x00000000e8700000, 0x00000000e8700000|100%| O|  |TAMS 0x00000000e8700000, 0x00000000e8600000| Untracked 
|  23|0x00000000e8700000, 0x00000000e8800000, 0x00000000e8800000|100%| O|  |TAMS 0x00000000e8800000, 0x00000000e8700000| Untracked 
|  24|0x00000000e8800000, 0x00000000e8900000, 0x00000000e8900000|100%| O|  |TAMS 0x00000000e8900000, 0x00000000e8800000| Untracked 
|  25|0x00000000e8900000, 0x00000000e8900000, 0x00000000e8a00000|  0%| F|  |TAMS 0x00000000e8900000, 0x00000000e8900000| Untracked 
|  26|0x00000000e8a00000, 0x00000000e8a00000, 0x00000000e8b00000|  0%| F|  |TAMS 0x00000000e8a00000, 0x00000000e8a00000| Untracked 
|  27|0x00000000e8b00000, 0x00000000e8c00000, 0x00000000e8c00000|100%| O|  |TAMS 0x00000000e8c00000, 0x00000000e8b00000| Untracked 
|  28|0x00000000e8c00000, 0x00000000e8d00000, 0x00000000e8d00000|100%| O|  |TAMS 0x00000000e8ce9e00, 0x00000000e8c00000| Untracked 
|  29|0x00000000e8d00000, 0x00000000e8d00000, 0x00000000e8e00000|  0%| F|  |TAMS 0x00000000e8d00000, 0x00000000e8d00000| Untracked 
|  30|0x00000000e8e00000, 0x00000000e8e00000, 0x00000000e8f00000|  0%| F|  |TAMS 0x00000000e8e00000, 0x00000000e8e00000| Untracked 
|  31|0x00000000e8f00000, 0x00000000e8f00000, 0x00000000e9000000|  0%| F|  |TAMS 0x00000000e8f00000, 0x00000000e8f00000| Untracked 
|  32|0x00000000e9000000, 0x00000000e9000000, 0x00000000e9100000|  0%| F|  |TAMS 0x00000000e9000000, 0x00000000e9000000| Untracked 
|  33|0x00000000e9100000, 0x00000000e9100000, 0x00000000e9200000|  0%| F|  |TAMS 0x00000000e9100000, 0x00000000e9100000| Untracked 
|  34|0x00000000e9200000, 0x00000000e9200000, 0x00000000e9300000|  0%| F|  |TAMS 0x00000000e9200000, 0x00000000e9200000| Untracked 
|  35|0x00000000e9300000, 0x00000000e9300000, 0x00000000e9400000|  0%| F|  |TAMS 0x00000000e9300000, 0x00000000e9300000| Untracked 
|  36|0x00000000e9400000, 0x00000000e9400000, 0x00000000e9500000|  0%| F|  |TAMS 0x00000000e9400000, 0x00000000e9400000| Untracked 
|  37|0x00000000e9500000, 0x00000000e9500000, 0x00000000e9600000|  0%| F|  |TAMS 0x00000000e9500000, 0x00000000e9500000| Untracked 
|  38|0x00000000e9600000, 0x00000000e9600000, 0x00000000e9700000|  0%| F|  |TAMS 0x00000000e9600000, 0x00000000e9600000| Untracked 
|  39|0x00000000e9700000, 0x00000000e9700000, 0x00000000e9800000|  0%| F|  |TAMS 0x00000000e9700000, 0x00000000e9700000| Untracked 
|  40|0x00000000e9800000, 0x00000000e9800000, 0x00000000e9900000|  0%| F|  |TAMS 0x00000000e9800000, 0x00000000e9800000| Untracked 
|  41|0x00000000e9900000, 0x00000000e9900000, 0x00000000e9a00000|  0%| F|  |TAMS 0x00000000e9900000, 0x00000000e9900000| Untracked 
|  42|0x00000000e9a00000, 0x00000000e9a00000, 0x00000000e9b00000|  0%| F|  |TAMS 0x00000000e9a00000, 0x00000000e9a00000| Untracked 
|  43|0x00000000e9b00000, 0x00000000e9b00000, 0x00000000e9c00000|  0%| F|  |TAMS 0x00000000e9b00000, 0x00000000e9b00000| Untracked 
|  44|0x00000000e9c00000, 0x00000000e9c00000, 0x00000000e9d00000|  0%| F|  |TAMS 0x00000000e9c00000, 0x00000000e9c00000| Untracked 
|  45|0x00000000e9d00000, 0x00000000e9d00000, 0x00000000e9e00000|  0%| F|  |TAMS 0x00000000e9d00000, 0x00000000e9d00000| Untracked 
|  46|0x00000000e9e00000, 0x00000000e9e00000, 0x00000000e9f00000|  0%| F|  |TAMS 0x00000000e9e00000, 0x00000000e9e00000| Untracked 
|  47|0x00000000e9f00000, 0x00000000e9fe7fa0, 0x00000000ea000000| 90%| E|CS|TAMS 0x00000000e9f00000, 0x00000000e9f00000| Complete 
|  48|0x00000000ea000000, 0x00000000ea0df690, 0x00000000ea100000| 87%| S|  |TAMS 0x00000000ea000000, 0x00000000ea000000| Complete 
|  49|0x00000000ea100000, 0x00000000ea200000, 0x00000000ea200000|100%| E|CS|TAMS 0x00000000ea100000, 0x00000000ea100000| Complete 
|  50|0x00000000ea200000, 0x00000000ea300000, 0x00000000ea300000|100%| E|CS|TAMS 0x00000000ea200000, 0x00000000ea200000| Complete 
|  51|0x00000000ea300000, 0x00000000ea400000, 0x00000000ea400000|100%| E|CS|TAMS 0x00000000ea300000, 0x00000000ea300000| Complete 
|  52|0x00000000ea400000, 0x00000000ea500000, 0x00000000ea500000|100%| E|CS|TAMS 0x00000000ea400000, 0x00000000ea400000| Complete 
|  53|0x00000000ea500000, 0x00000000ea600000, 0x00000000ea600000|100%| E|CS|TAMS 0x00000000ea500000, 0x00000000ea500000| Complete 
|  54|0x00000000ea600000, 0x00000000ea700000, 0x00000000ea700000|100%| E|CS|TAMS 0x00000000ea600000, 0x00000000ea600000| Complete 
|  55|0x00000000ea700000, 0x00000000ea800000, 0x00000000ea800000|100%| E|CS|TAMS 0x00000000ea700000, 0x00000000ea700000| Complete 
|  56|0x00000000ea800000, 0x00000000ea900000, 0x00000000ea900000|100%| E|CS|TAMS 0x00000000ea800000, 0x00000000ea800000| Complete 
|  57|0x00000000ea900000, 0x00000000eaa00000, 0x00000000eaa00000|100%| E|CS|TAMS 0x00000000ea900000, 0x00000000ea900000| Complete 
|  58|0x00000000eaa00000, 0x00000000eab00000, 0x00000000eab00000|100%| E|CS|TAMS 0x00000000eaa00000, 0x00000000eaa00000| Complete 
|  59|0x00000000eab00000, 0x00000000eac00000, 0x00000000eac00000|100%| E|CS|TAMS 0x00000000eab00000, 0x00000000eab00000| Complete 
|  60|0x00000000eac00000, 0x00000000ead00000, 0x00000000ead00000|100%| E|CS|TAMS 0x00000000eac00000, 0x00000000eac00000| Complete 
|  61|0x00000000ead00000, 0x00000000eae00000, 0x00000000eae00000|100%| E|CS|TAMS 0x00000000ead00000, 0x00000000ead00000| Complete 
|  62|0x00000000eae00000, 0x00000000eaf00000, 0x00000000eaf00000|100%| E|CS|TAMS 0x00000000eae00000, 0x00000000eae00000| Complete 
|  63|0x00000000eaf00000, 0x00000000eb000000, 0x00000000eb000000|100%| E|CS|TAMS 0x00000000eaf00000, 0x00000000eaf00000| Complete 
|  64|0x00000000eb000000, 0x00000000eb100000, 0x00000000eb100000|100%| E|CS|TAMS 0x00000000eb000000, 0x00000000eb000000| Complete 
|  65|0x00000000eb100000, 0x00000000eb200000, 0x00000000eb200000|100%| E|CS|TAMS 0x00000000eb100000, 0x00000000eb100000| Complete 
|  66|0x00000000eb200000, 0x00000000eb300000, 0x00000000eb300000|100%| E|CS|TAMS 0x00000000eb200000, 0x00000000eb200000| Complete 
|  67|0x00000000eb300000, 0x00000000eb400000, 0x00000000eb400000|100%| E|CS|TAMS 0x00000000eb300000, 0x00000000eb300000| Complete 
|  68|0x00000000eb400000, 0x00000000eb500000, 0x00000000eb500000|100%| E|CS|TAMS 0x00000000eb400000, 0x00000000eb400000| Complete 
|  69|0x00000000eb500000, 0x00000000eb600000, 0x00000000eb600000|100%| E|CS|TAMS 0x00000000eb500000, 0x00000000eb500000| Complete 
|  70|0x00000000eb600000, 0x00000000eb700000, 0x00000000eb700000|100%| E|CS|TAMS 0x00000000eb600000, 0x00000000eb600000| Complete 
|  71|0x00000000eb700000, 0x00000000eb800000, 0x00000000eb800000|100%| E|CS|TAMS 0x00000000eb700000, 0x00000000eb700000| Complete 
|  72|0x00000000eb800000, 0x00000000eb900000, 0x00000000eb900000|100%| E|CS|TAMS 0x00000000eb800000, 0x00000000eb800000| Complete 
|  73|0x00000000eb900000, 0x00000000eba00000, 0x00000000eba00000|100%| E|CS|TAMS 0x00000000eb900000, 0x00000000eb900000| Complete 
|  74|0x00000000eba00000, 0x00000000ebb00000, 0x00000000ebb00000|100%| E|CS|TAMS 0x00000000eba00000, 0x00000000eba00000| Complete 
|  75|0x00000000ebb00000, 0x00000000ebc00000, 0x00000000ebc00000|100%| E|CS|TAMS 0x00000000ebb00000, 0x00000000ebb00000| Complete 
|  76|0x00000000ebc00000, 0x00000000ebd00000, 0x00000000ebd00000|100%| E|CS|TAMS 0x00000000ebc00000, 0x00000000ebc00000| Complete 
|  77|0x00000000ebd00000, 0x00000000ebe00000, 0x00000000ebe00000|100%| E|CS|TAMS 0x00000000ebd00000, 0x00000000ebd00000| Complete 
|  78|0x00000000ebe00000, 0x00000000ebf00000, 0x00000000ebf00000|100%| E|CS|TAMS 0x00000000ebe00000, 0x00000000ebe00000| Complete 
|  79|0x00000000ebf00000, 0x00000000ec000000, 0x00000000ec000000|100%| E|CS|TAMS 0x00000000ebf00000, 0x00000000ebf00000| Complete 
|  80|0x00000000ec000000, 0x00000000ec100000, 0x00000000ec100000|100%| E|CS|TAMS 0x00000000ec000000, 0x00000000ec000000| Complete 
|  81|0x00000000ec100000, 0x00000000ec200000, 0x00000000ec200000|100%| E|CS|TAMS 0x00000000ec100000, 0x00000000ec100000| Complete 
|  82|0x00000000ec200000, 0x00000000ec300000, 0x00000000ec300000|100%| E|CS|TAMS 0x00000000ec200000, 0x00000000ec200000| Complete 
|  83|0x00000000ec300000, 0x00000000ec400000, 0x00000000ec400000|100%| E|CS|TAMS 0x00000000ec300000, 0x00000000ec300000| Complete 
|  84|0x00000000ec400000, 0x00000000ec500000, 0x00000000ec500000|100%| E|CS|TAMS 0x00000000ec400000, 0x00000000ec400000| Complete 
|  85|0x00000000ec500000, 0x00000000ec600000, 0x00000000ec600000|100%| E|CS|TAMS 0x00000000ec500000, 0x00000000ec500000| Complete 
|  86|0x00000000ec600000, 0x00000000ec700000, 0x00000000ec700000|100%| E|CS|TAMS 0x00000000ec600000, 0x00000000ec600000| Complete 
|  87|0x00000000ec700000, 0x00000000ec800000, 0x00000000ec800000|100%| E|CS|TAMS 0x00000000ec700000, 0x00000000ec700000| Complete 
|  88|0x00000000ec800000, 0x00000000ec900000, 0x00000000ec900000|100%| E|CS|TAMS 0x00000000ec800000, 0x00000000ec800000| Complete 
|  89|0x00000000ec900000, 0x00000000eca00000, 0x00000000eca00000|100%| E|CS|TAMS 0x00000000ec900000, 0x00000000ec900000| Complete 
|  90|0x00000000eca00000, 0x00000000ecb00000, 0x00000000ecb00000|100%| E|CS|TAMS 0x00000000eca00000, 0x00000000eca00000| Complete 
|  91|0x00000000ecb00000, 0x00000000ecc00000, 0x00000000ecc00000|100%| E|CS|TAMS 0x00000000ecb00000, 0x00000000ecb00000| Complete 
|  92|0x00000000ecc00000, 0x00000000ecd00000, 0x00000000ecd00000|100%| E|CS|TAMS 0x00000000ecc00000, 0x00000000ecc00000| Complete 
|  93|0x00000000ecd00000, 0x00000000ece00000, 0x00000000ece00000|100%| E|CS|TAMS 0x00000000ecd00000, 0x00000000ecd00000| Complete 
|  94|0x00000000ece00000, 0x00000000ecf00000, 0x00000000ecf00000|100%| E|CS|TAMS 0x00000000ece00000, 0x00000000ece00000| Complete 
|  95|0x00000000ecf00000, 0x00000000ed000000, 0x00000000ed000000|100%| E|CS|TAMS 0x00000000ecf00000, 0x00000000ecf00000| Complete 
|  96|0x00000000ed000000, 0x00000000ed100000, 0x00000000ed100000|100%| E|CS|TAMS 0x00000000ed000000, 0x00000000ed000000| Complete 
|  97|0x00000000ed100000, 0x00000000ed200000, 0x00000000ed200000|100%| E|CS|TAMS 0x00000000ed100000, 0x00000000ed100000| Complete 
|  98|0x00000000ed200000, 0x00000000ed300000, 0x00000000ed300000|100%| E|CS|TAMS 0x00000000ed200000, 0x00000000ed200000| Complete 
|  99|0x00000000ed300000, 0x00000000ed400000, 0x00000000ed400000|100%| E|CS|TAMS 0x00000000ed300000, 0x00000000ed300000| Complete 
| 100|0x00000000ed400000, 0x00000000ed500000, 0x00000000ed500000|100%| E|CS|TAMS 0x00000000ed400000, 0x00000000ed400000| Complete 
| 101|0x00000000ed500000, 0x00000000ed600000, 0x00000000ed600000|100%| E|CS|TAMS 0x00000000ed500000, 0x00000000ed500000| Complete 
| 102|0x00000000ed600000, 0x00000000ed700000, 0x00000000ed700000|100%| E|CS|TAMS 0x00000000ed600000, 0x00000000ed600000| Complete 
| 103|0x00000000ed700000, 0x00000000ed800000, 0x00000000ed800000|100%| E|CS|TAMS 0x00000000ed700000, 0x00000000ed700000| Complete 
| 104|0x00000000ed800000, 0x00000000ed900000, 0x00000000ed900000|100%| E|CS|TAMS 0x00000000ed800000, 0x00000000ed800000| Complete 
| 105|0x00000000ed900000, 0x00000000eda00000, 0x00000000eda00000|100%| E|CS|TAMS 0x00000000ed900000, 0x00000000ed900000| Complete 
| 106|0x00000000eda00000, 0x00000000edb00000, 0x00000000edb00000|100%| E|CS|TAMS 0x00000000eda00000, 0x00000000eda00000| Complete 
| 107|0x00000000edb00000, 0x00000000edc00000, 0x00000000edc00000|100%| E|CS|TAMS 0x00000000edb00000, 0x00000000edb00000| Complete 
| 108|0x00000000edc00000, 0x00000000edd00000, 0x00000000edd00000|100%| E|CS|TAMS 0x00000000edc00000, 0x00000000edc00000| Complete 
| 109|0x00000000edd00000, 0x00000000ede00000, 0x00000000ede00000|100%| E|CS|TAMS 0x00000000edd00000, 0x00000000edd00000| Complete 
| 110|0x00000000ede00000, 0x00000000edf00000, 0x00000000edf00000|100%| E|CS|TAMS 0x00000000ede00000, 0x00000000ede00000| Complete 
| 111|0x00000000edf00000, 0x00000000ee000000, 0x00000000ee000000|100%| E|CS|TAMS 0x00000000edf00000, 0x00000000edf00000| Complete 
| 112|0x00000000ee000000, 0x00000000ee100000, 0x00000000ee100000|100%| E|CS|TAMS 0x00000000ee000000, 0x00000000ee000000| Complete 
| 113|0x00000000ee100000, 0x00000000ee200000, 0x00000000ee200000|100%| E|CS|TAMS 0x00000000ee100000, 0x00000000ee100000| Complete 
| 114|0x00000000ee200000, 0x00000000ee300000, 0x00000000ee300000|100%| E|CS|TAMS 0x00000000ee200000, 0x00000000ee200000| Complete 
| 115|0x00000000ee300000, 0x00000000ee400000, 0x00000000ee400000|100%| E|CS|TAMS 0x00000000ee300000, 0x00000000ee300000| Complete 
| 116|0x00000000ee400000, 0x00000000ee500000, 0x00000000ee500000|100%| E|CS|TAMS 0x00000000ee400000, 0x00000000ee400000| Complete 
| 117|0x00000000ee500000, 0x00000000ee600000, 0x00000000ee600000|100%| E|CS|TAMS 0x00000000ee500000, 0x00000000ee500000| Complete 

Card table byte_map: [0x0000020be8190000,0x0000020be8260000] _byte_map_base: 0x0000020be7a58000

Marking Bits (Prev, Next): (CMBitMap*) 0x0000020bd0711c10, (CMBitMap*) 0x0000020bd0711c50
 Prev Bits: [0x0000020be8330000, 0x0000020be8970000)
 Next Bits: [0x0000020be8970000, 0x0000020be8fb0000)

Polling page: 0x0000020bce400000

Metaspace:

Usage:
  Non-class:     22.96 MB capacity,    22.71 MB ( 99%) used,   214.67 KB ( <1%) free+waste,    41.38 KB ( <1%) overhead. 
      Class:      3.62 MB capacity,     3.50 MB ( 97%) used,    97.88 KB (  3%) free+waste,    16.75 KB ( <1%) overhead. 
       Both:     26.57 MB capacity,    26.21 MB ( 99%) used,   312.55 KB (  1%) free+waste,    58.13 KB ( <1%) overhead. 

Virtual space:
  Non-class space:       24.00 MB reserved,      23.00 MB ( 96%) committed 
      Class space:        1.00 GB reserved,       3.63 MB ( <1%) committed 
             Both:        1.02 GB reserved,      26.63 MB (  3%) committed 

Chunk freelists:
   Non-Class:  42.00 KB
       Class:  10.00 KB
        Both:  52.00 KB

MaxMetaspaceSize: 17179869184.00 GB
CompressedClassSpaceSize: 1.00 GB

CodeHeap 'non-profiled nmethods': size=119168Kb used=3015Kb max_used=3015Kb free=116152Kb
 bounds [0x0000020be04b0000, 0x0000020be07b0000, 0x0000020be7910000]
CodeHeap 'profiled nmethods': size=119104Kb used=13471Kb max_used=13471Kb free=105632Kb
 bounds [0x0000020bd9060000, 0x0000020bd9d90000, 0x0000020be04b0000]
CodeHeap 'non-nmethods': size=7488Kb used=3190Kb max_used=3243Kb free=4297Kb
 bounds [0x0000020bd8910000, 0x0000020bd8c40000, 0x0000020bd9060000]
 total_blobs=7058 nmethods=6212 adapters=755
 compilation: enabled
              stopped_count=0, restarted_count=0
 full_count=0

Compilation events (20 events):
Event: 11.363 Thread 0x0000020becaa7300 nmethod 6205 0x0000020be079f690 code [0x0000020be079f820, 0x0000020be079f8d8]
Event: 11.363 Thread 0x0000020becaa7300 6206       3       com.sun.marlin.DTransformingPathConsumer2D$PathClipFilter::moveTo (49 bytes)
Event: 11.363 Thread 0x0000020bebf2bc20 6207       3       com.sun.marlin.DTransformingPathConsumer2D$PathClipFilter::pathDone (18 bytes)
Event: 11.363 Thread 0x0000020becaa8740 6208       3       com.sun.marlin.DTransformingPathConsumer2D$PathClipFilter::dispose (8 bytes)
Event: 11.363 Thread 0x0000020bec932850 6209       3       com.sun.marlin.DHelpers$IndexStack::dispose (54 bytes)
Event: 11.363 Thread 0x0000020becaa8740 nmethod 6208 0x0000020bd9d84e90 code [0x0000020bd9d85040, 0x0000020bd9d85168]
Event: 11.363 Thread 0x0000020bec932850 nmethod 6209 0x0000020bd9d85210 code [0x0000020bd9d853c0, 0x0000020bd9d855e8]
Event: 11.363 Thread 0x0000020bebf2bc20 nmethod 6207 0x0000020bd9d85710 code [0x0000020bd9d85900, 0x0000020bd9d85d08]
Event: 11.363 Thread 0x0000020becaa7300 nmethod 6206 0x0000020bd9d85e90 code [0x0000020bd9d86060, 0x0000020bd9d86468]
Event: 11.363 Thread 0x0000020bec932850 6210       3       com.sun.prism.d3d.D3DSwapChain::getResourceHandle (8 bytes)
Event: 11.363 Thread 0x0000020bebf2bc20 6211       3       com.sun.prism.d3d.D3DSwapChain::getContentWidth (5 bytes)
Event: 11.363 Thread 0x0000020becaa8740 6212       3       com.sun.prism.d3d.D3DSwapChain::getContentHeight (5 bytes)
Event: 11.363 Thread 0x0000020becaa7300 6213       3       com.sun.prism.d3d.D3DSwapChain::isMSAA (19 bytes)
Event: 11.363 Thread 0x0000020bec932850 nmethod 6210 0x0000020bd9d86610 code [0x0000020bd9d867a0, 0x0000020bd9d86958]
Event: 11.363 Thread 0x0000020bebf2bc20 nmethod 6211 0x0000020bd9d86a10 code [0x0000020bd9d86bc0, 0x0000020bd9d86e08]
Event: 11.363 Thread 0x0000020bec932850 6214  s    1       com.sun.javafx.tk.quantum.GlassScene::getDoPresent (5 bytes)
Event: 11.363 Thread 0x0000020bec932850 nmethod 6214 0x0000020be079f990 code [0x0000020be079fb20, 0x0000020be079fc98]
Event: 11.363 Thread 0x0000020becaa8740 nmethod 6212 0x0000020bd9d86f10 code [0x0000020bd9d870c0, 0x0000020bd9d87308]
Event: 11.363 Thread 0x0000020becaa7300 nmethod 6213 0x0000020bd9d87410 code [0x0000020bd9d87600, 0x0000020bd9d87c28]
Event: 11.368 Thread 0x0000020bebf23310 nmethod 6202 0x0000020be079fd10 code [0x0000020be079ff80, 0x0000020be07a0dd0]

GC Heap History (20 events):
Event: 10.501 GC heap after
{Heap after GC invocations=57 (full 0):
 garbage-first heap   total 120832K, used 26598K [0x00000000e7000000, 0x0000000100000000)
  region size 1024K, 1 young (1024K), 1 survivors (1024K)
 Metaspace       used 26757K, capacity 27148K, committed 27264K, reserved 1073152K
  class space    used 3587K, capacity 3702K, committed 3712K, reserved 1048576K
}
Event: 10.588 GC heap before
{Heap before GC invocations=57 (full 0):
 garbage-first heap   total 120832K, used 97254K [0x00000000e7000000, 0x0000000100000000)
  region size 1024K, 70 young (71680K), 1 survivors (1024K)
 Metaspace       used 26783K, capacity 27212K, committed 27264K, reserved 1073152K
  class space    used 3587K, capacity 3702K, committed 3712K, reserved 1048576K
}
Event: 10.591 GC heap after
{Heap after GC invocations=58 (full 0):
 garbage-first heap   total 120832K, used 26627K [0x00000000e7000000, 0x0000000100000000)
  region size 1024K, 1 young (1024K), 1 survivors (1024K)
 Metaspace       used 26783K, capacity 27212K, committed 27264K, reserved 1073152K
  class space    used 3587K, capacity 3702K, committed 3712K, reserved 1048576K
}
Event: 10.674 GC heap before
{Heap before GC invocations=58 (full 0):
 garbage-first heap   total 120832K, used 97283K [0x00000000e7000000, 0x0000000100000000)
  region size 1024K, 70 young (71680K), 1 survivors (1024K)
 Metaspace       used 26783K, capacity 27212K, committed 27264K, reserved 1073152K
  class space    used 3587K, capacity 3702K, committed 3712K, reserved 1048576K
}
Event: 10.677 GC heap after
{Heap after GC invocations=59 (full 0):
 garbage-first heap   total 120832K, used 26624K [0x00000000e7000000, 0x0000000100000000)
  region size 1024K, 1 young (1024K), 1 survivors (1024K)
 Metaspace       used 26783K, capacity 27212K, committed 27264K, reserved 1073152K
  class space    used 3587K, capacity 3702K, committed 3712K, reserved 1048576K
}
Event: 10.762 GC heap before
{Heap before GC invocations=59 (full 0):
 garbage-first heap   total 120832K, used 97280K [0x00000000e7000000, 0x0000000100000000)
  region size 1024K, 71 young (72704K), 1 survivors (1024K)
 Metaspace       used 26790K, capacity 27212K, committed 27264K, reserved 1073152K
  class space    used 3587K, capacity 3702K, committed 3712K, reserved 1048576K
}
Event: 10.765 GC heap after
{Heap after GC invocations=60 (full 0):
 garbage-first heap   total 120832K, used 26624K [0x00000000e7000000, 0x0000000100000000)
  region size 1024K, 1 young (1024K), 1 survivors (1024K)
 Metaspace       used 26790K, capacity 27212K, committed 27264K, reserved 1073152K
  class space    used 3587K, capacity 3702K, committed 3712K, reserved 1048576K
}
Event: 10.854 GC heap before
{Heap before GC invocations=60 (full 0):
 garbage-first heap   total 120832K, used 97280K [0x00000000e7000000, 0x0000000100000000)
  region size 1024K, 70 young (71680K), 1 survivors (1024K)
 Metaspace       used 26792K, capacity 27212K, committed 27264K, reserved 1073152K
  class space    used 3587K, capacity 3702K, committed 3712K, reserved 1048576K
}
Event: 10.857 GC heap after
{Heap after GC invocations=61 (full 0):
 garbage-first heap   total 120832K, used 26667K [0x00000000e7000000, 0x0000000100000000)
  region size 1024K, 1 young (1024K), 1 survivors (1024K)
 Metaspace       used 26792K, capacity 27212K, committed 27264K, reserved 1073152K
  class space    used 3587K, capacity 3702K, committed 3712K, reserved 1048576K
}
Event: 10.940 GC heap before
{Heap before GC invocations=61 (full 0):
 garbage-first heap   total 120832K, used 97323K [0x00000000e7000000, 0x0000000100000000)
  region size 1024K, 70 young (71680K), 1 survivors (1024K)
 Metaspace       used 26795K, capacity 27212K, committed 27264K, reserved 1073152K
  class space    used 3587K, capacity 3702K, committed 3712K, reserved 1048576K
}
Event: 10.942 GC heap after
{Heap after GC invocations=62 (full 0):
 garbage-first heap   total 120832K, used 26648K [0x00000000e7000000, 0x0000000100000000)
  region size 1024K, 1 young (1024K), 1 survivors (1024K)
 Metaspace       used 26795K, capacity 27212K, committed 27264K, reserved 1073152K
  class space    used 3587K, capacity 3702K, committed 3712K, reserved 1048576K
}
Event: 11.027 GC heap before
{Heap before GC invocations=62 (full 0):
 garbage-first heap   total 120832K, used 97304K [0x00000000e7000000, 0x0000000100000000)
  region size 1024K, 70 young (71680K), 1 survivors (1024K)
 Metaspace       used 26795K, capacity 27212K, committed 27264K, reserved 1073152K
  class space    used 3587K, capacity 3702K, committed 3712K, reserved 1048576K
}
Event: 11.030 GC heap after
{Heap after GC invocations=63 (full 0):
 garbage-first heap   total 120832K, used 26642K [0x00000000e7000000, 0x0000000100000000)
  region size 1024K, 1 young (1024K), 1 survivors (1024K)
 Metaspace       used 26795K, capacity 27212K, committed 27264K, reserved 1073152K
  class space    used 3587K, capacity 3702K, committed 3712K, reserved 1048576K
}
Event: 11.122 GC heap before
{Heap before GC invocations=63 (full 0):
 garbage-first heap   total 120832K, used 97298K [0x00000000e7000000, 0x0000000100000000)
  region size 1024K, 70 young (71680K), 1 survivors (1024K)
 Metaspace       used 26826K, capacity 27212K, committed 27264K, reserved 1073152K
  class space    used 3587K, capacity 3702K, committed 3712K, reserved 1048576K
}
Event: 11.125 GC heap after
{Heap after GC invocations=64 (full 0):
 garbage-first heap   total 120832K, used 26624K [0x00000000e7000000, 0x0000000100000000)
  region size 1024K, 1 young (1024K), 1 survivors (1024K)
 Metaspace       used 26826K, capacity 27212K, committed 27264K, reserved 1073152K
  class space    used 3587K, capacity 3702K, committed 3712K, reserved 1048576K
}
Event: 11.210 GC heap before
{Heap before GC invocations=64 (full 0):
 garbage-first heap   total 120832K, used 97280K [0x00000000e7000000, 0x0000000100000000)
  region size 1024K, 70 young (71680K), 1 survivors (1024K)
 Metaspace       used 26826K, capacity 27212K, committed 27264K, reserved 1073152K
  class space    used 3587K, capacity 3702K, committed 3712K, reserved 1048576K
}
Event: 11.213 GC heap after
{Heap after GC invocations=65 (full 0):
 garbage-first heap   total 120832K, used 26643K [0x00000000e7000000, 0x0000000100000000)
  region size 1024K, 1 young (1024K), 1 survivors (1024K)
 Metaspace       used 26826K, capacity 27212K, committed 27264K, reserved 1073152K
  class space    used 3587K, capacity 3702K, committed 3712K, reserved 1048576K
}
Event: 11.296 GC heap before
{Heap before GC invocations=65 (full 0):
 garbage-first heap   total 120832K, used 97299K [0x00000000e7000000, 0x0000000100000000)
  region size 1024K, 70 young (71680K), 1 survivors (1024K)
 Metaspace       used 26830K, capacity 27212K, committed 27264K, reserved 1073152K
  class space    used 3587K, capacity 3702K, committed 3712K, reserved 1048576K
}
Event: 11.298 GC heap after
{Heap after GC invocations=66 (full 0):
 garbage-first heap   total 120832K, used 26685K [0x00000000e7000000, 0x0000000100000000)
  region size 1024K, 1 young (1024K), 1 survivors (1024K)
 Metaspace       used 26830K, capacity 27212K, committed 27264K, reserved 1073152K
  class space    used 3587K, capacity 3702K, committed 3712K, reserved 1048576K
}
Event: 11.381 GC heap before
{Heap before GC invocations=66 (full 0):
 garbage-first heap   total 120832K, used 97341K [0x00000000e7000000, 0x0000000100000000)
  region size 1024K, 70 young (71680K), 1 survivors (1024K)
 Metaspace       used 26841K, capacity 27212K, committed 27264K, reserved 1073152K
  class space    used 3587K, capacity 3702K, committed 3712K, reserved 1048576K
}

Deoptimization events (20 events):
Event: 10.055 Thread 0x0000020beea7d9f0 Uncommon trap: trap_request=0xffffffbe fr.pc=0x0000020be0776d08 relative=0x0000000000002ce8
Event: 10.055 Thread 0x0000020beea7d9f0 Uncommon trap: reason=profile_predicate action=maybe_recompile pc=0x0000020be0776d08 method=com.sun.marlin.DRenderer._endRendering(IILcom/sun/marlin/MarlinAlphaConsumer;)V @ 238 c2
Event: 10.055 Thread 0x0000020beea7d9f0 DEOPT PACKING pc=0x0000020be0776d08 sp=0x00000084d6dfca10
Event: 10.055 Thread 0x0000020beea7d9f0 DEOPT UNPACKING pc=0x0000020bd895e42f sp=0x00000084d6dfc878 mode 2
Event: 10.055 Thread 0x0000020beea7d9f0 Uncommon trap: trap_request=0xffffffbe fr.pc=0x0000020be0776d08 relative=0x0000000000002ce8
Event: 10.055 Thread 0x0000020beea7d9f0 Uncommon trap: reason=profile_predicate action=maybe_recompile pc=0x0000020be0776d08 method=com.sun.marlin.DRenderer._endRendering(IILcom/sun/marlin/MarlinAlphaConsumer;)V @ 238 c2
Event: 10.055 Thread 0x0000020beea7d9f0 DEOPT PACKING pc=0x0000020be0776d08 sp=0x00000084d6dfca10
Event: 10.055 Thread 0x0000020beea7d9f0 DEOPT UNPACKING pc=0x0000020bd895e42f sp=0x00000084d6dfc878 mode 2
Event: 10.448 Thread 0x0000020beea80540 Uncommon trap: trap_request=0xffffffc6 fr.pc=0x0000020be067c78c relative=0x00000000000000ec
Event: 10.448 Thread 0x0000020beea80540 Uncommon trap: reason=bimorphic_or_optimized_type_check action=maybe_recompile pc=0x0000020be067c78c method=java.util.stream.ReferencePipeline$2$1.accept(Ljava/lang/Object;)V @ 21 c2
Event: 10.448 Thread 0x0000020beea80540 DEOPT PACKING pc=0x0000020be067c78c sp=0x00000084d62fbfa0
Event: 10.448 Thread 0x0000020beea80540 DEOPT UNPACKING pc=0x0000020bd895e42f sp=0x00000084d62fbf38 mode 2
Event: 10.747 Thread 0x0000020beea80540 Uncommon trap: trap_request=0xffffffc6 fr.pc=0x0000020be067c78c relative=0x00000000000000ec
Event: 10.747 Thread 0x0000020beea80540 Uncommon trap: reason=bimorphic_or_optimized_type_check action=maybe_recompile pc=0x0000020be067c78c method=java.util.stream.ReferencePipeline$2$1.accept(Ljava/lang/Object;)V @ 21 c2
Event: 10.747 Thread 0x0000020beea80540 DEOPT PACKING pc=0x0000020be067c78c sp=0x00000084d62fbfa0
Event: 10.747 Thread 0x0000020beea80540 DEOPT UNPACKING pc=0x0000020bd895e42f sp=0x00000084d62fbf38 mode 2
Event: 11.363 Thread 0x0000020beea7d9f0 Uncommon trap: trap_request=0xffffff45 fr.pc=0x0000020be07948b4 relative=0x00000000000011f4
Event: 11.363 Thread 0x0000020beea7d9f0 Uncommon trap: reason=unstable_if action=reinterpret pc=0x0000020be07948b4 method=com.sun.marlin.MaskMarlinAlphaConsumer.setAndClearRelativeAlphas([IIII)V @ 81 c2
Event: 11.363 Thread 0x0000020beea7d9f0 DEOPT PACKING pc=0x0000020be07948b4 sp=0x00000084d6dfca10
Event: 11.363 Thread 0x0000020beea7d9f0 DEOPT UNPACKING pc=0x0000020bd895e42f sp=0x00000084d6dfc708 mode 2

Classes unloaded (0 events):
No events

Classes redefined (0 events):
No events

Internal exceptions (20 events):
Event: 6.172 Thread 0x0000020beea7e860 Exception <a 'java/lang/NoSuchMethodError'{0x00000000e8962a98}: 'java.lang.Object java.lang.invoke.DirectMethodHandle$Holder.newInvokeSpecial(java.lang.Object, java.lang.Object, java.lang.Object, java.lang.Object, int)'> (0x00000000e8962a98) 
thrown [./open/src/hotspot/share/interpreter/linkResolver.cpp, line 782]
Event: 6.172 Thread 0x0000020beea7e860 Exception <a 'java/lang/NoSuchMethodError'{0x00000000e8967678}: 'java.lang.Object java.lang.invoke.DirectMethodHandle$Holder.invokeSpecial(java.lang.Object, java.lang.Object, java.lang.Object, java.lang.Object, java.lang.Object, int)'> (0x00000000e8967678) 
thrown [./open/src/hotspot/share/interpreter/linkResolver.cpp, line 782]
Event: 6.172 Thread 0x0000020beea7e860 Exception <a 'java/lang/NoSuchMethodError'{0x00000000e896bab0}: 'java.lang.Object java.lang.invoke.Invokers$Holder.linkToTargetMethod(java.lang.Object, java.lang.Object, java.lang.Object, int, java.lang.Object)'> (0x00000000e896bab0) 
thrown [./open/src/hotspot/share/interpreter/linkResolver.cpp, line 782]
Event: 6.173 Thread 0x0000020beea7e860 Exception <a 'java/lang/NoSuchMethodError'{0x00000000e8989910}: 'java.lang.Object java.lang.invoke.DirectMethodHandle$Holder.newInvokeSpecial(java.lang.Object, java.lang.Object, java.lang.Object, java.lang.Object, java.lang.Object, int)'> (0x00000000e8989910) 
thrown [./open/src/hotspot/share/interpreter/linkResolver.cpp, line 782]
Event: 6.174 Thread 0x0000020beea7e860 Exception <a 'java/lang/NoSuchMethodError'{0x00000000e898e3c8}: 'java.lang.Object java.lang.invoke.DirectMethodHandle$Holder.invokeSpecial(java.lang.Object, java.lang.Object, java.lang.Object, java.lang.Object, java.lang.Object, java.lang.Object, int)'> (0x00000000e898e3c8) 
thrown [./open/src/hotspot/share/interpreter/linkResolver.cpp, line 782]
Event: 6.174 Thread 0x0000020beea7e860 Exception <a 'java/lang/NoSuchMethodError'{0x00000000e8992908}: 'java.lang.Object java.lang.invoke.Invokers$Holder.linkToTargetMethod(java.lang.Object, java.lang.Object, java.lang.Object, java.lang.Object, int, java.lang.Object)'> (0x00000000e8992908) 
thrown [./open/src/hotspot/share/interpreter/linkResolver.cpp, line 782]
Event: 6.174 Thread 0x0000020beea7e860 Exception <a 'java/lang/NoSuchMethodError'{0x00000000e89a1410}: 'java.lang.Object java.lang.invoke.DirectMethodHandle$Holder.newInvokeSpecial(java.lang.Object, java.lang.Object, int, int)'> (0x00000000e89a1410) 
thrown [./open/src/hotspot/share/interpreter/linkResolver.cpp, line 782]
Event: 6.180 Thread 0x0000020beea7e860 Exception <a 'java/lang/NoSuchMethodError'{0x00000000e885cf18}: 'void java.lang.invoke.DirectMethodHandle$Holder.invokeVirtual(java.lang.Object, java.lang.Object)'> (0x00000000e885cf18) 
thrown [./open/src/hotspot/share/interpreter/linkResolver.cpp, line 782]
Event: 6.219 Thread 0x0000020beea7e860 Exception <a 'java/lang/NoSuchMethodError'{0x00000000e8d13970}: 'double java.lang.invoke.DirectMethodHandle$Holder.invokeSpecial(java.lang.Object, java.lang.Object)'> (0x00000000e8d13970) 
thrown [./open/src/hotspot/share/interpreter/linkResolver.cpp, line 782]
Event: 6.274 Thread 0x0000020beea7e860 Exception <a 'java/lang/NoSuchMethodError'{0x00000000e880ba60}: 'void java.lang.invoke.DirectMethodHandle$Holder.invokeStaticInit(java.lang.Object, java.lang.Object, java.lang.Object)'> (0x00000000e880ba60) 
thrown [./open/src/hotspot/share/interpreter/linkResolver.cpp, line 782]
Event: 6.277 Thread 0x0000020beea7e860 Exception <a 'java/io/FileNotFoundException'{0x00000000e884f3c8}> (0x00000000e884f3c8) 
thrown [./open/src/hotspot/share/prims/jni.cpp, line 578]
Event: 6.371 Thread 0x0000020beea7e860 Exception <a 'java/io/FileNotFoundException'{0x00000000e93c14f0}> (0x00000000e93c14f0) 
thrown [./open/src/hotspot/share/prims/jni.cpp, line 578]
Event: 6.372 Thread 0x0000020beea7e860 Exception <a 'java/io/FileNotFoundException'{0x00000000e93d1b78}> (0x00000000e93d1b78) 
thrown [./open/src/hotspot/share/prims/jni.cpp, line 578]
Event: 6.417 Thread 0x0000020beea7e860 Exception <a 'java/lang/NoSuchMethodError'{0x00000000e8d2ec60}: 'void java.lang.invoke.DirectMethodHandle$Holder.invokeSpecialIFC(java.lang.Object, java.lang.Object, java.lang.Object, java.lang.Object)'> (0x00000000e8d2ec60) 
thrown [./open/src/hotspot/share/interpreter/linkResolver.cpp, line 782]
Event: 6.433 Thread 0x0000020beea7e860 Exception <a 'java/lang/NoSuchMethodError'{0x00000000e8c71158}: 'java.lang.Object java.lang.invoke.DirectMethodHandle$Holder.newInvokeSpecial(java.lang.Object, java.lang.Object, double)'> (0x00000000e8c71158) 
thrown [./open/src/hotspot/share/interpreter/linkResolver.cpp, line 782]
Event: 6.433 Thread 0x0000020beea7e860 Exception <a 'java/lang/NoSuchMethodError'{0x00000000e8c75918}: 'java.lang.Object java.lang.invoke.DirectMethodHandle$Holder.invokeSpecial(java.lang.Object, java.lang.Object, java.lang.Object, double)'> (0x00000000e8c75918) 
thrown [./open/src/hotspot/share/interpreter/linkResolver.cpp, line 782]
Event: 6.458 Thread 0x0000020beea7e860 Exception <a 'java/lang/ClassNotFoundException'{0x00000000e94e5c10}: sun/util/logging/resources/spi/loggingProvider> (0x00000000e94e5c10) 
thrown [./open/src/hotspot/share/classfile/systemDictionary.cpp, line 295]
Event: 8.186 Thread 0x0000020beea7e860 Implicit null exception at 0x0000020be06a7d07 to 0x0000020be06a7d6c
Event: 8.186 Thread 0x0000020beea7e860 Implicit null exception at 0x0000020be06de4e2 to 0x0000020be06dec10
Event: 9.321 Thread 0x0000020beea7d9f0 Implicit null exception at 0x0000020be06f5dac to 0x0000020be06f5e24

Events (20 events):
Event: 11.125 Executing VM operation: G1CollectForAllocation done
Event: 11.125 Executing VM operation: HandshakeAllThreads
Event: 11.125 Executing VM operation: HandshakeAllThreads done
Event: 11.210 Executing VM operation: G1CollectForAllocation
Event: 11.210 Executing VM operation: G1CollectForAllocation done
Event: 11.210 Executing VM operation: HandshakeAllThreads
Event: 11.210 Executing VM operation: HandshakeAllThreads done
Event: 11.210 Executing VM operation: G1CollectForAllocation
Event: 11.213 Executing VM operation: G1CollectForAllocation done
Event: 11.295 Executing VM operation: G1CollectForAllocation
Event: 11.295 Executing VM operation: G1CollectForAllocation done
Event: 11.295 Executing VM operation: HandshakeAllThreads
Event: 11.295 Executing VM operation: HandshakeAllThreads done
Event: 11.295 Executing VM operation: G1CollectForAllocation
Event: 11.298 Executing VM operation: G1CollectForAllocation done
Event: 11.298 Executing VM operation: HandshakeAllThreads
Event: 11.298 Executing VM operation: HandshakeAllThreads done
Event: 11.381 Executing VM operation: G1CollectForAllocation
Event: 11.381 Executing VM operation: G1CollectForAllocation done
Event: 11.381 Executing VM operation: G1CollectForAllocation


Dynamic libraries:
0x00007ff706040000 - 0x00007ff70604f000 	C:\Program Files\Java\jdk-15.0.2\bin\java.exe
0x00007fff2bfa0000 - 0x00007fff2c190000 	C:\Windows\SYSTEM32\ntdll.dll
0x00007fff2b3e0000 - 0x00007fff2b492000 	C:\Windows\System32\KERNEL32.DLL
0x00007fff29340000 - 0x00007fff295e3000 	C:\Windows\System32\KERNELBASE.dll
0x00007fff29d90000 - 0x00007fff29e8a000 	C:\Windows\System32\ucrtbase.dll
0x00007fff257c0000 - 0x00007fff257d8000 	C:\Program Files\Java\jdk-15.0.2\bin\jli.dll
0x00007fff257a0000 - 0x00007fff257b9000 	C:\Program Files\Java\jdk-15.0.2\bin\VCRUNTIME140.dll
0x00007fff2b4a0000 - 0x00007fff2b543000 	C:\Windows\System32\ADVAPI32.dll
0x00007fff2a240000 - 0x00007fff2a2de000 	C:\Windows\System32\msvcrt.dll
0x00007fff2a2e0000 - 0x00007fff2a377000 	C:\Windows\System32\sechost.dll
0x00007fff2b6f0000 - 0x00007fff2b810000 	C:\Windows\System32\RPCRT4.dll
0x00007fff2ba50000 - 0x00007fff2bbe4000 	C:\Windows\System32\USER32.dll
0x00007fff29270000 - 0x00007fff29291000 	C:\Windows\System32\win32u.dll
0x00007fff23ca0000 - 0x00007fff23f25000 	C:\Windows\WinSxS\amd64_microsoft.windows.common-controls_6595b64144ccf1df_6.0.18362.418_none_e6c6b287130d565d\COMCTL32.dll
0x00007fff2ba20000 - 0x00007fff2ba46000 	C:\Windows\System32\GDI32.dll
0x00007fff2bbf0000 - 0x00007fff2bf26000 	C:\Windows\System32\combase.dll
0x00007fff28f00000 - 0x00007fff29094000 	C:\Windows\System32\gdi32full.dll
0x00007fff291f0000 - 0x00007fff29270000 	C:\Windows\System32\bcryptPrimitives.dll
0x00007fff292a0000 - 0x00007fff2933e000 	C:\Windows\System32\msvcp_win.dll
0x00007fff23ff0000 - 0x00007fff23ffa000 	C:\Windows\SYSTEM32\VERSION.dll
0x00007fff2a3e0000 - 0x00007fff2a40e000 	C:\Windows\System32\IMM32.DLL
0x00007fff269a0000 - 0x00007fff269ac000 	C:\Program Files\Java\jdk-15.0.2\bin\vcruntime140_1.dll
0x00007fff25700000 - 0x00007fff25791000 	C:\Program Files\Java\jdk-15.0.2\bin\msvcp140.dll
0x00007ffefe210000 - 0x00007ffefed6e000 	C:\Program Files\Java\jdk-15.0.2\bin\server\jvm.dll
0x00007fff2b6e0000 - 0x00007fff2b6e8000 	C:\Windows\System32\PSAPI.DLL
0x00007fff10390000 - 0x00007fff10399000 	C:\Windows\SYSTEM32\WSOCK32.dll
0x00007fff25b00000 - 0x00007fff25b24000 	C:\Windows\SYSTEM32\WINMM.dll
0x00007fff2b370000 - 0x00007fff2b3df000 	C:\Windows\System32\WS2_32.dll
0x00007fff25ad0000 - 0x00007fff25afd000 	C:\Windows\SYSTEM32\WINMMBASE.dll
0x00007fff29fd0000 - 0x00007fff2a01a000 	C:\Windows\System32\cfgmgr32.dll
0x00007fff28e50000 - 0x00007fff28e61000 	C:\Windows\System32\kernel.appcore.dll
0x00007fff256f0000 - 0x00007fff256fa000 	C:\Program Files\Java\jdk-15.0.2\bin\jimage.dll
0x00007fff1a210000 - 0x00007fff1a404000 	C:\Windows\SYSTEM32\DBGHELP.DLL
0x00007fff1a1e0000 - 0x00007fff1a20a000 	C:\Windows\SYSTEM32\dbgcore.DLL
0x00007fff24ac0000 - 0x00007fff24ace000 	C:\Program Files\Java\jdk-15.0.2\bin\instrument.dll
0x00007fff256c0000 - 0x00007fff256e5000 	C:\Program Files\Java\jdk-15.0.2\bin\java.dll
0x00007fff2a960000 - 0x00007fff2b045000 	C:\Windows\System32\SHELL32.dll
0x00007fff2b550000 - 0x00007fff2b5f9000 	C:\Windows\System32\shcore.dll
0x00007fff29610000 - 0x00007fff29d8f000 	C:\Windows\System32\windows.storage.dll
0x00007fff28ee0000 - 0x00007fff28eff000 	C:\Windows\System32\profapi.dll
0x00007fff28e70000 - 0x00007fff28eba000 	C:\Windows\System32\powrprof.dll
0x00007fff28e40000 - 0x00007fff28e50000 	C:\Windows\System32\UMPDC.dll
0x00007fff2a380000 - 0x00007fff2a3d2000 	C:\Windows\System32\shlwapi.dll
0x00007fff295f0000 - 0x00007fff29607000 	C:\Windows\System32\cryptsp.dll
0x00007fff244d0000 - 0x00007fff244e9000 	C:\Program Files\Java\jdk-15.0.2\bin\net.dll
0x00007fff23370000 - 0x00007fff23460000 	C:\Windows\SYSTEM32\WINHTTP.dll
0x00007fff286b0000 - 0x00007fff28717000 	C:\Windows\system32\mswsock.dll
0x00007fff1e670000 - 0x00007fff1e682000 	C:\Program Files\Java\jdk-15.0.2\bin\nio.dll
0x00007fff19fd0000 - 0x00007fff19fe8000 	C:\Program Files\Java\jdk-15.0.2\bin\zip.dll
0x00007fff19fb0000 - 0x00007fff19fca000 	C:\Program Files\JetBrains\IntelliJ IDEA Community Edition 2021.2.1\bin\breakgen64.dll
0x0000020bee490000 - 0x0000020bee493000 	C:\Program Files\Java\javafx-sdk-16\bin\api-ms-win-core-console-l1-1-0.dll
0x0000020bee4a0000 - 0x0000020bee4a3000 	C:\Program Files\Java\javafx-sdk-16\bin\api-ms-win-core-console-l1-2-0.dll
0x0000020bee4b0000 - 0x0000020bee4b3000 	C:\Program Files\Java\javafx-sdk-16\bin\api-ms-win-core-datetime-l1-1-0.dll
0x0000020bee610000 - 0x0000020bee613000 	C:\Program Files\Java\javafx-sdk-16\bin\api-ms-win-core-debug-l1-1-0.dll
0x0000020bee4c0000 - 0x0000020bee4c3000 	C:\Program Files\Java\javafx-sdk-16\bin\api-ms-win-core-errorhandling-l1-1-0.dll
0x0000020bee4d0000 - 0x0000020bee4d4000 	C:\Program Files\Java\javafx-sdk-16\bin\api-ms-win-core-file-l1-1-0.dll
0x0000020bee4e0000 - 0x0000020bee4e3000 	C:\Program Files\Java\javafx-sdk-16\bin\api-ms-win-core-file-l1-2-0.dll
0x0000020bee4f0000 - 0x0000020bee4f3000 	C:\Program Files\Java\javafx-sdk-16\bin\api-ms-win-core-file-l2-1-0.dll
0x0000020bee500000 - 0x0000020bee503000 	C:\Program Files\Java\javafx-sdk-16\bin\api-ms-win-core-handle-l1-1-0.dll
0x0000020bee510000 - 0x0000020bee513000 	C:\Program Files\Java\javafx-sdk-16\bin\api-ms-win-core-heap-l1-1-0.dll
0x0000020bee520000 - 0x0000020bee523000 	C:\Program Files\Java\javafx-sdk-16\bin\api-ms-win-core-interlocked-l1-1-0.dll
0x0000020bee530000 - 0x0000020bee533000 	C:\Program Files\Java\javafx-sdk-16\bin\api-ms-win-core-libraryloader-l1-1-0.dll
0x0000020bee540000 - 0x0000020bee543000 	C:\Program Files\Java\javafx-sdk-16\bin\api-ms-win-core-localization-l1-2-0.dll
0x0000020bee550000 - 0x0000020bee553000 	C:\Program Files\Java\javafx-sdk-16\bin\api-ms-win-core-memory-l1-1-0.dll
0x0000020bee560000 - 0x0000020bee563000 	C:\Program Files\Java\javafx-sdk-16\bin\api-ms-win-core-namedpipe-l1-1-0.dll
0x0000020bee570000 - 0x0000020bee573000 	C:\Program Files\Java\javafx-sdk-16\bin\api-ms-win-core-processenvironment-l1-1-0.dll
0x0000020bee580000 - 0x0000020bee583000 	C:\Program Files\Java\javafx-sdk-16\bin\api-ms-win-core-processthreads-l1-1-0.dll
0x0000020bee590000 - 0x0000020bee593000 	C:\Program Files\Java\javafx-sdk-16\bin\api-ms-win-core-processthreads-l1-1-1.dll
0x0000020bee5a0000 - 0x0000020bee5a3000 	C:\Program Files\Java\javafx-sdk-16\bin\api-ms-win-core-profile-l1-1-0.dll
0x0000020bee5b0000 - 0x0000020bee5b3000 	C:\Program Files\Java\javafx-sdk-16\bin\api-ms-win-core-rtlsupport-l1-1-0.dll
0x0000020bee5c0000 - 0x0000020bee5c3000 	C:\Program Files\Java\javafx-sdk-16\bin\api-ms-win-core-string-l1-1-0.dll
0x0000020bee5d0000 - 0x0000020bee5d3000 	C:\Program Files\Java\javafx-sdk-16\bin\api-ms-win-core-synch-l1-1-0.dll
0x0000020bee5e0000 - 0x0000020bee5e3000 	C:\Program Files\Java\javafx-sdk-16\bin\api-ms-win-core-synch-l1-2-0.dll
0x0000020bee5f0000 - 0x0000020bee5f3000 	C:\Program Files\Java\javafx-sdk-16\bin\api-ms-win-core-sysinfo-l1-1-0.dll
0x0000020bee600000 - 0x0000020bee603000 	C:\Program Files\Java\javafx-sdk-16\bin\api-ms-win-core-timezone-l1-1-0.dll
0x0000020bef5f0000 - 0x0000020bef5f3000 	C:\Program Files\Java\javafx-sdk-16\bin\api-ms-win-core-util-l1-1-0.dll
0x0000020bef600000 - 0x0000020bef603000 	C:\Program Files\Java\javafx-sdk-16\bin\api-ms-win-crt-conio-l1-1-0.dll
0x0000020bef610000 - 0x0000020bef614000 	C:\Program Files\Java\javafx-sdk-16\bin\api-ms-win-crt-convert-l1-1-0.dll
0x0000020bef9b0000 - 0x0000020bef9b3000 	C:\Program Files\Java\javafx-sdk-16\bin\api-ms-win-crt-environment-l1-1-0.dll
0x0000020bef9c0000 - 0x0000020bef9c3000 	C:\Program Files\Java\javafx-sdk-16\bin\api-ms-win-crt-filesystem-l1-1-0.dll
0x0000020bef9d0000 - 0x0000020bef9d3000 	C:\Program Files\Java\javafx-sdk-16\bin\api-ms-win-crt-heap-l1-1-0.dll
0x0000020bef9e0000 - 0x0000020bef9e3000 	C:\Program Files\Java\javafx-sdk-16\bin\api-ms-win-crt-locale-l1-1-0.dll
0x0000020bef9f0000 - 0x0000020bef9f5000 	C:\Program Files\Java\javafx-sdk-16\bin\api-ms-win-crt-math-l1-1-0.dll
0x0000020befa00000 - 0x0000020befa05000 	C:\Program Files\Java\javafx-sdk-16\bin\api-ms-win-crt-multibyte-l1-1-0.dll
0x0000020befa10000 - 0x0000020befa20000 	C:\Program Files\Java\javafx-sdk-16\bin\api-ms-win-crt-private-l1-1-0.dll
0x0000020befa20000 - 0x0000020befa23000 	C:\Program Files\Java\javafx-sdk-16\bin\api-ms-win-crt-process-l1-1-0.dll
0x0000020befa30000 - 0x0000020befa34000 	C:\Program Files\Java\javafx-sdk-16\bin\api-ms-win-crt-runtime-l1-1-0.dll
0x0000020befa40000 - 0x0000020befa44000 	C:\Program Files\Java\javafx-sdk-16\bin\api-ms-win-crt-stdio-l1-1-0.dll
0x0000020bef620000 - 0x0000020bef624000 	C:\Program Files\Java\javafx-sdk-16\bin\api-ms-win-crt-string-l1-1-0.dll
0x0000020bef630000 - 0x0000020bef633000 	C:\Program Files\Java\javafx-sdk-16\bin\api-ms-win-crt-time-l1-1-0.dll
0x0000020bef640000 - 0x0000020bef643000 	C:\Program Files\Java\javafx-sdk-16\bin\api-ms-win-crt-utility-l1-1-0.dll
0x00007fff0efd0000 - 0x00007fff0f0cc000 	C:\Program Files\Java\javafx-sdk-16\bin\ucrtbase.dll
0x00007fff19f10000 - 0x00007fff19f29000 	C:\Program Files\Java\javafx-sdk-16\bin\vcruntime140.dll
0x00007fff238e0000 - 0x00007fff238ec000 	C:\Program Files\Java\javafx-sdk-16\bin\vcruntime140_1.dll
0x00007fff197d0000 - 0x00007fff19861000 	C:\Program Files\Java\javafx-sdk-16\bin\msvcp140.dll
0x00007fff19c50000 - 0x00007fff19c77000 	C:\Program Files\Java\javafx-sdk-16\bin\prism_d3d.dll
0x00007fff031e0000 - 0x00007fff033a7000 	C:\Windows\system32\d3d9.dll
0x00007fff27510000 - 0x00007fff2753d000 	C:\Windows\SYSTEM32\dwmapi.dll
0x00007fff27ab0000 - 0x00007fff27ad0000 	C:\Windows\SYSTEM32\dxcore.dll
0x00007fff271a0000 - 0x00007fff27239000 	C:\Windows\system32\uxtheme.dll
0x00007ffef9820000 - 0x00007ffefa8d6000 	C:\Windows\SYSTEM32\nvd3dumx.dll
0x00007fff19720000 - 0x00007fff19762000 	C:\Program Files\Java\javafx-sdk-16\bin\glass.dll
0x00007fff2b050000 - 0x00007fff2b120000 	C:\Windows\System32\COMDLG32.dll
0x00007fff2b210000 - 0x00007fff2b366000 	C:\Windows\System32\ole32.dll
0x00007fff2b950000 - 0x00007fff2ba14000 	C:\Windows\System32\OLEAUT32.dll
0x00007fff2b810000 - 0x00007fff2b946000 	C:\Windows\System32\MSCTF.dll
0x00007fff20120000 - 0x00007fff2028c000 	C:\Program Files (x86)\NVIDIA Corporation\3D Vision\nvSCPAPI64.dll
0x00007fff2a420000 - 0x00007fff2a890000 	C:\Windows\System32\SETUPAPI.dll
0x00007fff29f40000 - 0x00007fff29f66000 	C:\Windows\System32\bcrypt.dll
0x00007fff19c30000 - 0x00007fff19c44000 	C:\Program Files\Java\javafx-sdk-16\bin\javafx_font.dll
0x00007fff155a0000 - 0x00007fff1589e000 	C:\Windows\SYSTEM32\dwrite.dll
0x00007fff28220000 - 0x00007fff28253000 	C:\Windows\system32\rsaenh.dll
0x00007fff28d30000 - 0x00007fff28d55000 	C:\Windows\SYSTEM32\USERENV.dll
0x00007fff28880000 - 0x00007fff2888c000 	C:\Windows\SYSTEM32\CRYPTBASE.dll
0x00007fff283c0000 - 0x00007fff283fa000 	C:\Windows\SYSTEM32\IPHLPAPI.DLL
0x00007fff2a020000 - 0x00007fff2a028000 	C:\Windows\System32\NSI.dll
0x00007fff21990000 - 0x00007fff219a6000 	C:\Windows\SYSTEM32\dhcpcsvc6.DLL
0x00007fff1f9d0000 - 0x00007fff1f9ec000 	C:\Windows\SYSTEM32\dhcpcsvc.DLL
0x00007fff28400000 - 0x00007fff284ca000 	C:\Windows\SYSTEM32\DNSAPI.dll
0x00007fff2a890000 - 0x00007fff2a932000 	C:\Windows\System32\clbcatq.dll
0x00007fff225a0000 - 0x00007fff2274f000 	C:\Windows\SYSTEM32\WindowsCodecs.dll
0x00007fff0b5c0000 - 0x00007fff0b5fa000 	C:\Windows\system32\dataexchange.dll
0x00007fff260f0000 - 0x00007fff2634b000 	C:\Windows\system32\d3d11.dll
0x00007fff267b0000 - 0x00007fff2698b000 	C:\Windows\system32\dcomp.dll
0x00007fff27b40000 - 0x00007fff27c2b000 	C:\Windows\system32\dxgi.dll
0x00007fff27290000 - 0x00007fff274ea000 	C:\Windows\system32\twinapi.appcore.dll
0x00007fff277a0000 - 0x00007fff277c9000 	C:\Windows\system32\RMCLIENT.dll
0x00007fff0b8e0000 - 0x00007fff0b913000 	C:\Program Files\Common Files\Microsoft Shared\Ink\rtscom.dll

dbghelp: loaded successfully - version: 4.0.5 - missing functions: none
symbol engine: initialized successfully - sym options: 0x614 - pdb path: .;C:\Program Files\Java\jdk-15.0.2\bin;C:\Windows\SYSTEM32;C:\Windows\WinSxS\amd64_microsoft.windows.common-controls_6595b64144ccf1df_6.0.18362.418_none_e6c6b287130d565d;C:\Program Files\Java\jdk-15.0.2\bin\server;C:\Program Files\JetBrains\IntelliJ IDEA Community Edition 2021.2.1\bin;C:\Program Files\Java\javafx-sdk-16\bin;C:\Program Files (x86)\NVIDIA Corporation\3D Vision;C:\Program Files\Common Files\Microsoft Shared\Ink;C:\Users\ADMIN14-SB1\AppData\Local\Temp

VM Arguments:
jvm_args: --module-path=C:\Program Files\Java\javafx-sdk-16\lib --add-modules=javafx.swing,javafx.controls,javafx.graphics,javafx.fxml,javafx.media,javafx.web --add-opens=javafx.base/com.sun.javafx.runtime=ALL-UNNAMED --add-opens=javafx.controls/com.sun.javafx.scene.control.behavior=ALL-UNNAMED --add-opens=javafx.controls/com.sun.javafx.scene.control=ALL-UNNAMED --add-opens=javafx.base/com.sun.javafx.binding=ALL-UNNAMED --add-opens=javafx.base/com.sun.javafx.event=ALL-UNNAMED --add-opens=javafx.graphics/com.sun.javafx.stage=ALL-UNNAMED --add-exports=javafx.graphics/com.sun.javafx.scene=ALL-UNNAMED -Dprism.vsync=false -Xms16M -Xmx400M -Djava.library.path=D:\Backup Terbaru\Intelij\DataMigration\library\jdts\x64\SSO -javaagent:C:\Program Files\JetBrains\IntelliJ IDEA Community Edition 2021.2.1\lib\idea_rt.jar=52241:C:\Program Files\JetBrains\IntelliJ IDEA Community Edition 2021.2.1\bin -Dfile.encoding=UTF-8 
java_command: Launcher
java_class_path (initial): D:\Backup Terbaru\Intelij\DataMigration\out\production\DataMigration;D:\Backup Terbaru\Intelij\DataMigration\library\javadbf-1.13.1.jar;D:\Backup Terbaru\Intelij\DataMigration\library\jfoenix-9.0.10.jar;C:\Program Files\Java\javafx-sdk-16\lib\src.zip;C:\Program Files\Java\javafx-sdk-16\lib\javafx-swt.jar;C:\Program Files\Java\javafx-sdk-16\lib\javafx.web.jar;C:\Program Files\Java\javafx-sdk-16\lib\javafx.base.jar;C:\Program Files\Java\javafx-sdk-16\lib\javafx.fxml.jar;C:\Program Files\Java\javafx-sdk-16\lib\javafx.media.jar;C:\Program Files\Java\javafx-sdk-16\lib\javafx.swing.jar;C:\Program Files\Java\javafx-sdk-16\lib\javafx.controls.jar;C:\Program Files\Java\javafx-sdk-16\lib\javafx.graphics.jar;D:\Backup Terbaru\Intelij\DataMigration\library\jdts\jtds-1.3.1.jar;D:\Zip4j\zip4j-2.9.0.jar;D:\SQLite JDBC\sqlite-jdbc-3.36.0.1.jar;D:\Ikonli jar\ikonli-javafx-12.2.0.jar;D:\Ikonli jar\ikonli-core-12.1.0.jar;D:\Ikonli jar\ikonli-fontawesome-pack-12.1.0.jar;D:\MaterialFX\materialfx-11.12.0.jar
Launcher Type: SUN_STANDARD

[Global flags]
     intx CICompilerCount                          = 12                                        {product} {ergonomic}
     uint ConcGCThreads                            = 3                                         {product} {ergonomic}
     uint G1ConcRefinementThreads                  = 13                                        {product} {ergonomic}
   size_t G1HeapRegionSize                         = 1048576                                   {product} {ergonomic}
    uintx GCDrainStackTargetSize                   = 64                                        {product} {ergonomic}
   size_t InitialHeapSize                          = 16777216                                  {product} {command line}
   size_t MarkStackSize                            = 4194304                                   {product} {ergonomic}
   size_t MaxHeapSize                              = 419430400                                 {product} {command line}
   size_t MaxNewSize                               = 251658240                                 {product} {ergonomic}
   size_t MinHeapDeltaBytes                        = 1048576                                   {product} {ergonomic}
   size_t MinHeapSize                              = 16777216                                  {product} {command line}
    uintx NonNMethodCodeHeapSize                   = 7602480                                {pd product} {ergonomic}
    uintx NonProfiledCodeHeapSize                  = 122027880                              {pd product} {ergonomic}
    uintx ProfiledCodeHeapSize                     = 122027880                              {pd product} {ergonomic}
    uintx ReservedCodeCacheSize                    = 251658240                              {pd product} {ergonomic}
     bool SegmentedCodeCache                       = true                                      {product} {ergonomic}
   size_t SoftMaxHeapSize                          = 419430400                              {manageable} {ergonomic}
     bool UseCompressedClassPointers               = true                                 {lp64_product} {ergonomic}
     bool UseCompressedOops                        = true                                 {lp64_product} {ergonomic}
     bool UseG1GC                                  = true                                      {product} {ergonomic}
     bool UseLargePagesIndividualAllocation        = false                                  {pd product} {ergonomic}

Logging:
Log output configuration:
 #0: stdout all=warning uptime,level,tags
 #1: stderr all=off uptime,level,tags

Environment Variables:
PATH=C:\Program Files\Common Files\Oracle\Java\javapath;C:\Program Files (x86)\Borland\Delphi7\Bin;C:\Program Files (x86)\Borland\Delphi7\Projects\Bpl\;C:\Windows\system32;C:\Windows;C:\Windows\System32\Wbem;C:\Windows\System32\WindowsPowerShell\v1.0\;C:\Windows\System32\OpenSSH\;C:\Program Files (x86)\Common Files\Adobe\AGL;C:\Program Files (x86)\Microsoft SQL Server\100\Tools\Binn\;C:\Program Files\Microsoft SQL Server\100\Tools\Binn\;C:\Program Files\Microsoft SQL Server\100\DTS\Binn\;C:\Program Files (x86)\Microsoft SQL Server\100\Tools\Binn\VSShell\Common7\IDE\;C:\Program Files (x86)\Microsoft Visual Studio 9.0\Common7\IDE\PrivateAssemblies\;C:\Program Files (x86)\Microsoft SQL Server\100\DTS\Binn\;C:\Users\ADMIN14-SB1\AppData\Local\Microsoft\WindowsApps;;C:\Users\ADMIN14-SB1\AppData\Local\Programs\Microsoft VS Code\bin;C:\Program Files\JetBrains\IntelliJ IDEA Community Edition 2021.2.1\bin;
USERNAME=ADMIN14-SB1
OS=Windows_NT
PROCESSOR_IDENTIFIER=Intel64 Family 6 Model 165 Stepping 5, GenuineIntel



---------------  S Y S T E M  ---------------

OS:
 Windows 10 , 64 bit Build 18362 (10.0.18362.329)
OS uptime: 0 days 6:13 hours

CPU: total 16 (initial active 16) (8 cores per cpu, 2 threads per core) family 6 model 165 stepping 5 microcode 0xe2, cmov, cx8, fxsr, mmx, sse, sse2, sse3, ssse3, sse4.1, sse4.2, popcnt, vzeroupper, avx, avx2, aes, clmul, erms, 3dnowpref, lzcnt, ht, tsc, tscinvbit, bmi1, bmi2, adx, fma, clflush, clflushopt

Memory: 4k page, system-wide physical 8127M (1788M free)
TotalPageFile size 9407M (AvailPageFile size 1088M)
current process WorkingSet (physical memory assigned to process): 252M, peak: 290M
current process commit charge ("private bytes"): 350M, peak: 390M

vm_info: Java HotSpot(TM) 64-Bit Server VM (15.0.2+7-27) for windows-amd64 JRE (15.0.2+7-27), built on Dec  7 2020 20:07:01 by "mach5one" with unknown MS VC++:1925

END.
